code_dir=/opt/huangmian/yoyo_model
TRAIN_CONFIG=config/O35_mutil_cvr_v10/train_config.py
curr_export_timestamp=/data/share/opt/model/O35_mutil_cvr_v10/export_dir/1763518248
export_timestamp=/data/share/opt/model/O35_mutil_cvr_v10/export_dir/1763604706
---------------------------------upload-------------------------------------
2025-11-21 08:00:03.447932: I tensorflow/stream_executor/cuda/cuda_gpu_executor.cc:936] successful NUMA node read from SysFS had negative value (-1), but there must be at least one NUMA node, so returning NUMA node zero
2025-11-21 08:00:03.448063: I tensorflow/stream_executor/cuda/cuda_gpu_executor.cc:936] successful NUMA node read from SysFS had negative value (-1), but there must be at least one NUMA node, so returning NUMA node zero
2025-11-21 08:00:03.453493: I tensorflow/stream_executor/cuda/cuda_gpu_executor.cc:936] successful NUMA node read from SysFS had negative value (-1), but there must be at least one NUMA node, so returning NUMA node zero
2025-11-21 08:00:03.453616: I tensorflow/stream_executor/cuda/cuda_gpu_executor.cc:936] successful NUMA node read from SysFS had negative value (-1), but there must be at least one NUMA node, so returning NUMA node zero
2025-11-21 08:00:03.453710: I tensorflow/stream_executor/cuda/cuda_gpu_executor.cc:936] successful NUMA node read from SysFS had negative value (-1), but there must be at least one NUMA node, so returning NUMA node zero
2025-11-21 08:00:03.453785: I tensorflow/stream_executor/cuda/cuda_gpu_executor.cc:936] successful NUMA node read from SysFS had negative value (-1), but there must be at least one NUMA node, so returning NUMA node zero
2025-11-21 08:00:03,454 - [feat_file_exists-->line:71] - INFO:offline_feat_path: deep_model/offline/O35/20251120/_FEATURE_SUCCESS
I1121 08:00:03.454010 140131362084672 upload.py:71] offline_feat_path: deep_model/offline/O35/20251120/_FEATURE_SUCCESS
I1121 08:00:03.500785 140131362084672 api.py:240] Exception: {'status': 404, 'x-oss-request-id': '691FAB835BF2223734A49BC6', 'details': {'Code': 'NoSuchKey', 'Message': 'The specified key does not exist.', 'RequestId': '691FAB835BF2223734A49BC6', 'HostId': 'adx-oss.oss-cn-beijing.aliyuncs.com', 'Key': 'deep_model/offline/O35/20251120/_FEATURE_SUCCESS', 'EC': '0026-00000001', 'RecommendDoc': 'https://api.aliyun.com/troubleshoot?q=0026-00000001'}}
2025-11-21 08:00:03,500 - [feat_file_exists-->line:78] - WARNING:offline_feat_path: deep_model/offline/O35/20251120/_FEATURE_SUCCESS is not exist, sleep 2m ...
W1121 08:00:03.500890 140131362084672 upload.py:78] offline_feat_path: deep_model/offline/O35/20251120/_FEATURE_SUCCESS is not exist, sleep 2m ...
2025-11-21 08:00:03,500 - [feat_file_exists-->line:79] - WARNING:已经等待: 0 次，curr_time: 202511210800
W1121 08:00:03.500943 140131362084672 upload.py:79] 已经等待: 0 次，curr_time: 202511210800
I1121 08:02:03.635336 140131362084672 api.py:240] Exception: {'status': 404, 'x-oss-request-id': '691FABFBAE35773239A8B7A6', 'details': {'Code': 'NoSuchKey', 'Message': 'The specified key does not exist.', 'RequestId': '691FABFBAE35773239A8B7A6', 'HostId': 'adx-oss.oss-cn-beijing.aliyuncs.com', 'Key': 'deep_model/offline/O35/20251120/_FEATURE_SUCCESS', 'EC': '0026-00000001', 'RecommendDoc': 'https://api.aliyun.com/troubleshoot?q=0026-00000001'}}
2025-11-21 08:02:03,635 - [feat_file_exists-->line:78] - WARNING:offline_feat_path: deep_model/offline/O35/20251120/_FEATURE_SUCCESS is not exist, sleep 2m ...
W1121 08:02:03.635509 140131362084672 upload.py:78] offline_feat_path: deep_model/offline/O35/20251120/_FEATURE_SUCCESS is not exist, sleep 2m ...
2025-11-21 08:02:03,635 - [feat_file_exists-->line:79] - WARNING:已经等待: 1 次，curr_time: 202511210802
W1121 08:02:03.635568 140131362084672 upload.py:79] 已经等待: 1 次，curr_time: 202511210802
I1121 08:04:03.777531 140131362084672 api.py:240] Exception: {'status': 404, 'x-oss-request-id': '691FAC734D84EE30313EB4B3', 'details': {'Code': 'NoSuchKey', 'Message': 'The specified key does not exist.', 'RequestId': '691FAC734D84EE30313EB4B3', 'HostId': 'adx-oss.oss-cn-beijing.aliyuncs.com', 'Key': 'deep_model/offline/O35/20251120/_FEATURE_SUCCESS', 'EC': '0026-00000001', 'RecommendDoc': 'https://api.aliyun.com/troubleshoot?q=0026-00000001'}}
2025-11-21 08:04:03,777 - [feat_file_exists-->line:78] - WARNING:offline_feat_path: deep_model/offline/O35/20251120/_FEATURE_SUCCESS is not exist, sleep 2m ...
W1121 08:04:03.777694 140131362084672 upload.py:78] offline_feat_path: deep_model/offline/O35/20251120/_FEATURE_SUCCESS is not exist, sleep 2m ...
2025-11-21 08:04:03,777 - [feat_file_exists-->line:79] - WARNING:已经等待: 2 次，curr_time: 202511210804
W1121 08:04:03.777753 140131362084672 upload.py:79] 已经等待: 2 次，curr_time: 202511210804
I1121 08:06:03.911841 140131362084672 api.py:240] Exception: {'status': 404, 'x-oss-request-id': '691FACEB316FA03731B01F45', 'details': {'Code': 'NoSuchKey', 'Message': 'The specified key does not exist.', 'RequestId': '691FACEB316FA03731B01F45', 'HostId': 'adx-oss.oss-cn-beijing.aliyuncs.com', 'Key': 'deep_model/offline/O35/20251120/_FEATURE_SUCCESS', 'EC': '0026-00000001', 'RecommendDoc': 'https://api.aliyun.com/troubleshoot?q=0026-00000001'}}
2025-11-21 08:06:03,911 - [feat_file_exists-->line:78] - WARNING:offline_feat_path: deep_model/offline/O35/20251120/_FEATURE_SUCCESS is not exist, sleep 2m ...
W1121 08:06:03.911994 140131362084672 upload.py:78] offline_feat_path: deep_model/offline/O35/20251120/_FEATURE_SUCCESS is not exist, sleep 2m ...
2025-11-21 08:06:03,912 - [feat_file_exists-->line:79] - WARNING:已经等待: 3 次，curr_time: 202511210806
W1121 08:06:03.912048 140131362084672 upload.py:79] 已经等待: 3 次，curr_time: 202511210806
I1121 08:08:04.054461 140131362084672 api.py:240] Exception: {'status': 404, 'x-oss-request-id': '691FAD64CE6D61343075018C', 'details': {'Code': 'NoSuchKey', 'Message': 'The specified key does not exist.', 'RequestId': '691FAD64CE6D61343075018C', 'HostId': 'adx-oss.oss-cn-beijing.aliyuncs.com', 'Key': 'deep_model/offline/O35/20251120/_FEATURE_SUCCESS', 'EC': '0026-00000001', 'RecommendDoc': 'https://api.aliyun.com/troubleshoot?q=0026-00000001'}}
2025-11-21 08:08:04,054 - [feat_file_exists-->line:78] - WARNING:offline_feat_path: deep_model/offline/O35/20251120/_FEATURE_SUCCESS is not exist, sleep 2m ...
W1121 08:08:04.054618 140131362084672 upload.py:78] offline_feat_path: deep_model/offline/O35/20251120/_FEATURE_SUCCESS is not exist, sleep 2m ...
2025-11-21 08:08:04,054 - [feat_file_exists-->line:79] - WARNING:已经等待: 4 次，curr_time: 202511210808
W1121 08:08:04.054673 140131362084672 upload.py:79] 已经等待: 4 次，curr_time: 202511210808
I1121 08:10:04.203789 140131362084672 api.py:240] Exception: {'status': 404, 'x-oss-request-id': '691FADDCFCBC723432895792', 'details': {'Code': 'NoSuchKey', 'Message': 'The specified key does not exist.', 'RequestId': '691FADDCFCBC723432895792', 'HostId': 'adx-oss.oss-cn-beijing.aliyuncs.com', 'Key': 'deep_model/offline/O35/20251120/_FEATURE_SUCCESS', 'EC': '0026-00000001', 'RecommendDoc': 'https://api.aliyun.com/troubleshoot?q=0026-00000001'}}
2025-11-21 08:10:04,203 - [feat_file_exists-->line:78] - WARNING:offline_feat_path: deep_model/offline/O35/20251120/_FEATURE_SUCCESS is not exist, sleep 2m ...
W1121 08:10:04.203946 140131362084672 upload.py:78] offline_feat_path: deep_model/offline/O35/20251120/_FEATURE_SUCCESS is not exist, sleep 2m ...
2025-11-21 08:10:04,204 - [feat_file_exists-->line:79] - WARNING:已经等待: 5 次，curr_time: 202511210810
W1121 08:10:04.204004 140131362084672 upload.py:79] 已经等待: 5 次，curr_time: 202511210810
I1121 08:12:04.343786 140131362084672 api.py:240] Exception: {'status': 404, 'x-oss-request-id': '691FAE54558E60353382736A', 'details': {'Code': 'NoSuchKey', 'Message': 'The specified key does not exist.', 'RequestId': '691FAE54558E60353382736A', 'HostId': 'adx-oss.oss-cn-beijing.aliyuncs.com', 'Key': 'deep_model/offline/O35/20251120/_FEATURE_SUCCESS', 'EC': '0026-00000001', 'RecommendDoc': 'https://api.aliyun.com/troubleshoot?q=0026-00000001'}}
2025-11-21 08:12:04,343 - [feat_file_exists-->line:78] - WARNING:offline_feat_path: deep_model/offline/O35/20251120/_FEATURE_SUCCESS is not exist, sleep 2m ...
W1121 08:12:04.343939 140131362084672 upload.py:78] offline_feat_path: deep_model/offline/O35/20251120/_FEATURE_SUCCESS is not exist, sleep 2m ...
2025-11-21 08:12:04,344 - [feat_file_exists-->line:79] - WARNING:已经等待: 6 次，curr_time: 202511210812
W1121 08:12:04.344002 140131362084672 upload.py:79] 已经等待: 6 次，curr_time: 202511210812
I1121 08:14:04.483180 140131362084672 api.py:240] Exception: {'status': 404, 'x-oss-request-id': '691FAECCA8317D3634D004AC', 'details': {'Code': 'NoSuchKey', 'Message': 'The specified key does not exist.', 'RequestId': '691FAECCA8317D3634D004AC', 'HostId': 'adx-oss.oss-cn-beijing.aliyuncs.com', 'Key': 'deep_model/offline/O35/20251120/_FEATURE_SUCCESS', 'EC': '0026-00000001', 'RecommendDoc': 'https://api.aliyun.com/troubleshoot?q=0026-00000001'}}
2025-11-21 08:14:04,483 - [feat_file_exists-->line:78] - WARNING:offline_feat_path: deep_model/offline/O35/20251120/_FEATURE_SUCCESS is not exist, sleep 2m ...
W1121 08:14:04.483330 140131362084672 upload.py:78] offline_feat_path: deep_model/offline/O35/20251120/_FEATURE_SUCCESS is not exist, sleep 2m ...
2025-11-21 08:14:04,483 - [feat_file_exists-->line:79] - WARNING:已经等待: 7 次，curr_time: 202511210814
W1121 08:14:04.483381 140131362084672 upload.py:79] 已经等待: 7 次，curr_time: 202511210814
I1121 08:16:04.596370 140131362084672 api.py:240] Exception: {'status': 404, 'x-oss-request-id': '691FAF4476B791303931D1D1', 'details': {'Code': 'NoSuchKey', 'Message': 'The specified key does not exist.', 'RequestId': '691FAF4476B791303931D1D1', 'HostId': 'adx-oss.oss-cn-beijing.aliyuncs.com', 'Key': 'deep_model/offline/O35/20251120/_FEATURE_SUCCESS', 'EC': '0026-00000001', 'RecommendDoc': 'https://api.aliyun.com/troubleshoot?q=0026-00000001'}}
2025-11-21 08:16:04,596 - [feat_file_exists-->line:78] - WARNING:offline_feat_path: deep_model/offline/O35/20251120/_FEATURE_SUCCESS is not exist, sleep 2m ...
W1121 08:16:04.596547 140131362084672 upload.py:78] offline_feat_path: deep_model/offline/O35/20251120/_FEATURE_SUCCESS is not exist, sleep 2m ...
2025-11-21 08:16:04,596 - [feat_file_exists-->line:79] - WARNING:已经等待: 8 次，curr_time: 202511210816
W1121 08:16:04.596609 140131362084672 upload.py:79] 已经等待: 8 次，curr_time: 202511210816
I1121 08:18:04.733148 140131362084672 api.py:240] Exception: {'status': 404, 'x-oss-request-id': '691FAFBCED448138313FE46E', 'details': {'Code': 'NoSuchKey', 'Message': 'The specified key does not exist.', 'RequestId': '691FAFBCED448138313FE46E', 'HostId': 'adx-oss.oss-cn-beijing.aliyuncs.com', 'Key': 'deep_model/offline/O35/20251120/_FEATURE_SUCCESS', 'EC': '0026-00000001', 'RecommendDoc': 'https://api.aliyun.com/troubleshoot?q=0026-00000001'}}
2025-11-21 08:18:04,733 - [feat_file_exists-->line:78] - WARNING:offline_feat_path: deep_model/offline/O35/20251120/_FEATURE_SUCCESS is not exist, sleep 2m ...
W1121 08:18:04.733303 140131362084672 upload.py:78] offline_feat_path: deep_model/offline/O35/20251120/_FEATURE_SUCCESS is not exist, sleep 2m ...
2025-11-21 08:18:04,733 - [feat_file_exists-->line:79] - WARNING:已经等待: 9 次，curr_time: 202511210818
W1121 08:18:04.733368 140131362084672 upload.py:79] 已经等待: 9 次，curr_time: 202511210818
I1121 08:20:04.784908 140131362084672 api.py:240] Exception: {'status': 404, 'x-oss-request-id': '691FB0346F440F33336F01B6', 'details': {'Code': 'NoSuchKey', 'Message': 'The specified key does not exist.', 'RequestId': '691FB0346F440F33336F01B6', 'HostId': 'adx-oss.oss-cn-beijing.aliyuncs.com', 'Key': 'deep_model/offline/O35/20251120/_FEATURE_SUCCESS', 'EC': '0026-00000001', 'RecommendDoc': 'https://api.aliyun.com/troubleshoot?q=0026-00000001'}}
2025-11-21 08:20:04,785 - [feat_file_exists-->line:78] - WARNING:offline_feat_path: deep_model/offline/O35/20251120/_FEATURE_SUCCESS is not exist, sleep 2m ...
W1121 08:20:04.785065 140131362084672 upload.py:78] offline_feat_path: deep_model/offline/O35/20251120/_FEATURE_SUCCESS is not exist, sleep 2m ...
2025-11-21 08:20:04,785 - [feat_file_exists-->line:79] - WARNING:已经等待: 10 次，curr_time: 202511210820
W1121 08:20:04.785129 140131362084672 upload.py:79] 已经等待: 10 次，curr_time: 202511210820
I1121 08:22:04.925410 140131362084672 api.py:240] Exception: {'status': 404, 'x-oss-request-id': '691FB0ACC98FE03636398754', 'details': {'Code': 'NoSuchKey', 'Message': 'The specified key does not exist.', 'RequestId': '691FB0ACC98FE03636398754', 'HostId': 'adx-oss.oss-cn-beijing.aliyuncs.com', 'Key': 'deep_model/offline/O35/20251120/_FEATURE_SUCCESS', 'EC': '0026-00000001', 'RecommendDoc': 'https://api.aliyun.com/troubleshoot?q=0026-00000001'}}
2025-11-21 08:22:04,925 - [feat_file_exists-->line:78] - WARNING:offline_feat_path: deep_model/offline/O35/20251120/_FEATURE_SUCCESS is not exist, sleep 2m ...
W1121 08:22:04.925558 140131362084672 upload.py:78] offline_feat_path: deep_model/offline/O35/20251120/_FEATURE_SUCCESS is not exist, sleep 2m ...
2025-11-21 08:22:04,925 - [feat_file_exists-->line:79] - WARNING:已经等待: 11 次，curr_time: 202511210822
W1121 08:22:04.925612 140131362084672 upload.py:79] 已经等待: 11 次，curr_time: 202511210822
I1121 08:24:05.048712 140131362084672 api.py:240] Exception: {'status': 404, 'x-oss-request-id': '691FB125B8DE1630319312F9', 'details': {'Code': 'NoSuchKey', 'Message': 'The specified key does not exist.', 'RequestId': '691FB125B8DE1630319312F9', 'HostId': 'adx-oss.oss-cn-beijing.aliyuncs.com', 'Key': 'deep_model/offline/O35/20251120/_FEATURE_SUCCESS', 'EC': '0026-00000001', 'RecommendDoc': 'https://api.aliyun.com/troubleshoot?q=0026-00000001'}}
2025-11-21 08:24:05,048 - [feat_file_exists-->line:78] - WARNING:offline_feat_path: deep_model/offline/O35/20251120/_FEATURE_SUCCESS is not exist, sleep 2m ...
W1121 08:24:05.048866 140131362084672 upload.py:78] offline_feat_path: deep_model/offline/O35/20251120/_FEATURE_SUCCESS is not exist, sleep 2m ...
2025-11-21 08:24:05,048 - [feat_file_exists-->line:79] - WARNING:已经等待: 12 次，curr_time: 202511210824
W1121 08:24:05.048931 140131362084672 upload.py:79] 已经等待: 12 次，curr_time: 202511210824
I1121 08:26:05.188256 140131362084672 api.py:240] Exception: {'status': 404, 'x-oss-request-id': '691FB19D5BF2223837D912F3', 'details': {'Code': 'NoSuchKey', 'Message': 'The specified key does not exist.', 'RequestId': '691FB19D5BF2223837D912F3', 'HostId': 'adx-oss.oss-cn-beijing.aliyuncs.com', 'Key': 'deep_model/offline/O35/20251120/_FEATURE_SUCCESS', 'EC': '0026-00000001', 'RecommendDoc': 'https://api.aliyun.com/troubleshoot?q=0026-00000001'}}
2025-11-21 08:26:05,188 - [feat_file_exists-->line:78] - WARNING:offline_feat_path: deep_model/offline/O35/20251120/_FEATURE_SUCCESS is not exist, sleep 2m ...
W1121 08:26:05.188415 140131362084672 upload.py:78] offline_feat_path: deep_model/offline/O35/20251120/_FEATURE_SUCCESS is not exist, sleep 2m ...
2025-11-21 08:26:05,188 - [feat_file_exists-->line:79] - WARNING:已经等待: 13 次，curr_time: 202511210826
W1121 08:26:05.188470 140131362084672 upload.py:79] 已经等待: 13 次，curr_time: 202511210826
I1121 08:28:05.306542 140131362084672 api.py:240] Exception: {'status': 404, 'x-oss-request-id': '691FB215B87DBB39347C4749', 'details': {'Code': 'NoSuchKey', 'Message': 'The specified key does not exist.', 'RequestId': '691FB215B87DBB39347C4749', 'HostId': 'adx-oss.oss-cn-beijing.aliyuncs.com', 'Key': 'deep_model/offline/O35/20251120/_FEATURE_SUCCESS', 'EC': '0026-00000001', 'RecommendDoc': 'https://api.aliyun.com/troubleshoot?q=0026-00000001'}}
2025-11-21 08:28:05,306 - [feat_file_exists-->line:78] - WARNING:offline_feat_path: deep_model/offline/O35/20251120/_FEATURE_SUCCESS is not exist, sleep 2m ...
W1121 08:28:05.306702 140131362084672 upload.py:78] offline_feat_path: deep_model/offline/O35/20251120/_FEATURE_SUCCESS is not exist, sleep 2m ...
2025-11-21 08:28:05,306 - [feat_file_exists-->line:79] - WARNING:已经等待: 14 次，curr_time: 202511210828
W1121 08:28:05.306756 140131362084672 upload.py:79] 已经等待: 14 次，curr_time: 202511210828
I1121 08:30:05.440192 140131362084672 api.py:240] Exception: {'status': 404, 'x-oss-request-id': '691FB28DE61FBE373168FFD4', 'details': {'Code': 'NoSuchKey', 'Message': 'The specified key does not exist.', 'RequestId': '691FB28DE61FBE373168FFD4', 'HostId': 'adx-oss.oss-cn-beijing.aliyuncs.com', 'Key': 'deep_model/offline/O35/20251120/_FEATURE_SUCCESS', 'EC': '0026-00000001', 'RecommendDoc': 'https://api.aliyun.com/troubleshoot?q=0026-00000001'}}
2025-11-21 08:30:05,440 - [feat_file_exists-->line:78] - WARNING:offline_feat_path: deep_model/offline/O35/20251120/_FEATURE_SUCCESS is not exist, sleep 2m ...
W1121 08:30:05.440338 140131362084672 upload.py:78] offline_feat_path: deep_model/offline/O35/20251120/_FEATURE_SUCCESS is not exist, sleep 2m ...
2025-11-21 08:30:05,440 - [feat_file_exists-->line:79] - WARNING:已经等待: 15 次，curr_time: 202511210830
W1121 08:30:05.440393 140131362084672 upload.py:79] 已经等待: 15 次，curr_time: 202511210830
I1121 08:32:05.581785 140131362084672 api.py:240] Exception: {'status': 404, 'x-oss-request-id': '691FB30583E6FC33342330F0', 'details': {'Code': 'NoSuchKey', 'Message': 'The specified key does not exist.', 'RequestId': '691FB30583E6FC33342330F0', 'HostId': 'adx-oss.oss-cn-beijing.aliyuncs.com', 'Key': 'deep_model/offline/O35/20251120/_FEATURE_SUCCESS', 'EC': '0026-00000001', 'RecommendDoc': 'https://api.aliyun.com/troubleshoot?q=0026-00000001'}}
2025-11-21 08:32:05,581 - [feat_file_exists-->line:78] - WARNING:offline_feat_path: deep_model/offline/O35/20251120/_FEATURE_SUCCESS is not exist, sleep 2m ...
W1121 08:32:05.581936 140131362084672 upload.py:78] offline_feat_path: deep_model/offline/O35/20251120/_FEATURE_SUCCESS is not exist, sleep 2m ...
2025-11-21 08:32:05,581 - [feat_file_exists-->line:79] - WARNING:已经等待: 16 次，curr_time: 202511210832
W1121 08:32:05.581992 140131362084672 upload.py:79] 已经等待: 16 次，curr_time: 202511210832
I1121 08:34:05.719850 140131362084672 api.py:240] Exception: {'status': 404, 'x-oss-request-id': '691FB37D0A40853334F833B7', 'details': {'Code': 'NoSuchKey', 'Message': 'The specified key does not exist.', 'RequestId': '691FB37D0A40853334F833B7', 'HostId': 'adx-oss.oss-cn-beijing.aliyuncs.com', 'Key': 'deep_model/offline/O35/20251120/_FEATURE_SUCCESS', 'EC': '0026-00000001', 'RecommendDoc': 'https://api.aliyun.com/troubleshoot?q=0026-00000001'}}
2025-11-21 08:34:05,720 - [feat_file_exists-->line:78] - WARNING:offline_feat_path: deep_model/offline/O35/20251120/_FEATURE_SUCCESS is not exist, sleep 2m ...
W1121 08:34:05.720007 140131362084672 upload.py:78] offline_feat_path: deep_model/offline/O35/20251120/_FEATURE_SUCCESS is not exist, sleep 2m ...
2025-11-21 08:34:05,720 - [feat_file_exists-->line:79] - WARNING:已经等待: 17 次，curr_time: 202511210834
W1121 08:34:05.720063 140131362084672 upload.py:79] 已经等待: 17 次，curr_time: 202511210834
I1121 08:36:05.851490 140131362084672 api.py:240] Exception: {'status': 404, 'x-oss-request-id': '691FB3F513AF093030A15EEF', 'details': {'Code': 'NoSuchKey', 'Message': 'The specified key does not exist.', 'RequestId': '691FB3F513AF093030A15EEF', 'HostId': 'adx-oss.oss-cn-beijing.aliyuncs.com', 'Key': 'deep_model/offline/O35/20251120/_FEATURE_SUCCESS', 'EC': '0026-00000001', 'RecommendDoc': 'https://api.aliyun.com/troubleshoot?q=0026-00000001'}}
2025-11-21 08:36:05,851 - [feat_file_exists-->line:78] - WARNING:offline_feat_path: deep_model/offline/O35/20251120/_FEATURE_SUCCESS is not exist, sleep 2m ...
W1121 08:36:05.851656 140131362084672 upload.py:78] offline_feat_path: deep_model/offline/O35/20251120/_FEATURE_SUCCESS is not exist, sleep 2m ...
2025-11-21 08:36:05,851 - [feat_file_exists-->line:79] - WARNING:已经等待: 18 次，curr_time: 202511210836
W1121 08:36:05.851713 140131362084672 upload.py:79] 已经等待: 18 次，curr_time: 202511210836
I1121 08:38:05.980107 140131362084672 api.py:240] Exception: {'status': 404, 'x-oss-request-id': '691FB46D659EF9393289BF89', 'details': {'Code': 'NoSuchKey', 'Message': 'The specified key does not exist.', 'RequestId': '691FB46D659EF9393289BF89', 'HostId': 'adx-oss.oss-cn-beijing.aliyuncs.com', 'Key': 'deep_model/offline/O35/20251120/_FEATURE_SUCCESS', 'EC': '0026-00000001', 'RecommendDoc': 'https://api.aliyun.com/troubleshoot?q=0026-00000001'}}
2025-11-21 08:38:05,980 - [feat_file_exists-->line:78] - WARNING:offline_feat_path: deep_model/offline/O35/20251120/_FEATURE_SUCCESS is not exist, sleep 2m ...
W1121 08:38:05.980268 140131362084672 upload.py:78] offline_feat_path: deep_model/offline/O35/20251120/_FEATURE_SUCCESS is not exist, sleep 2m ...
2025-11-21 08:38:05,980 - [feat_file_exists-->line:79] - WARNING:已经等待: 19 次，curr_time: 202511210838
W1121 08:38:05.980323 140131362084672 upload.py:79] 已经等待: 19 次，curr_time: 202511210838
I1121 08:40:06.111345 140131362084672 api.py:240] Exception: {'status': 404, 'x-oss-request-id': '691FB4E6D59CB434341D92BA', 'details': {'Code': 'NoSuchKey', 'Message': 'The specified key does not exist.', 'RequestId': '691FB4E6D59CB434341D92BA', 'HostId': 'adx-oss.oss-cn-beijing.aliyuncs.com', 'Key': 'deep_model/offline/O35/20251120/_FEATURE_SUCCESS', 'EC': '0026-00000001', 'RecommendDoc': 'https://api.aliyun.com/troubleshoot?q=0026-00000001'}}
2025-11-21 08:40:06,111 - [feat_file_exists-->line:78] - WARNING:offline_feat_path: deep_model/offline/O35/20251120/_FEATURE_SUCCESS is not exist, sleep 2m ...
W1121 08:40:06.111514 140131362084672 upload.py:78] offline_feat_path: deep_model/offline/O35/20251120/_FEATURE_SUCCESS is not exist, sleep 2m ...
2025-11-21 08:40:06,111 - [feat_file_exists-->line:79] - WARNING:已经等待: 20 次，curr_time: 202511210840
W1121 08:40:06.111568 140131362084672 upload.py:79] 已经等待: 20 次，curr_time: 202511210840
I1121 08:42:06.250280 140131362084672 api.py:240] Exception: {'status': 404, 'x-oss-request-id': '691FB55EA1ABEC3936C9C8DE', 'details': {'Code': 'NoSuchKey', 'Message': 'The specified key does not exist.', 'RequestId': '691FB55EA1ABEC3936C9C8DE', 'HostId': 'adx-oss.oss-cn-beijing.aliyuncs.com', 'Key': 'deep_model/offline/O35/20251120/_FEATURE_SUCCESS', 'EC': '0026-00000001', 'RecommendDoc': 'https://api.aliyun.com/troubleshoot?q=0026-00000001'}}
2025-11-21 08:42:06,250 - [feat_file_exists-->line:78] - WARNING:offline_feat_path: deep_model/offline/O35/20251120/_FEATURE_SUCCESS is not exist, sleep 2m ...
W1121 08:42:06.250432 140131362084672 upload.py:78] offline_feat_path: deep_model/offline/O35/20251120/_FEATURE_SUCCESS is not exist, sleep 2m ...
2025-11-21 08:42:06,250 - [feat_file_exists-->line:79] - WARNING:已经等待: 21 次，curr_time: 202511210842
W1121 08:42:06.250488 140131362084672 upload.py:79] 已经等待: 21 次，curr_time: 202511210842
I1121 08:44:06.389965 140131362084672 api.py:240] Exception: {'status': 404, 'x-oss-request-id': '691FB5D60A408532386590C9', 'details': {'Code': 'NoSuchKey', 'Message': 'The specified key does not exist.', 'RequestId': '691FB5D60A408532386590C9', 'HostId': 'adx-oss.oss-cn-beijing.aliyuncs.com', 'Key': 'deep_model/offline/O35/20251120/_FEATURE_SUCCESS', 'EC': '0026-00000001', 'RecommendDoc': 'https://api.aliyun.com/troubleshoot?q=0026-00000001'}}
2025-11-21 08:44:06,390 - [feat_file_exists-->line:78] - WARNING:offline_feat_path: deep_model/offline/O35/20251120/_FEATURE_SUCCESS is not exist, sleep 2m ...
W1121 08:44:06.390119 140131362084672 upload.py:78] offline_feat_path: deep_model/offline/O35/20251120/_FEATURE_SUCCESS is not exist, sleep 2m ...
2025-11-21 08:44:06,390 - [feat_file_exists-->line:79] - WARNING:已经等待: 22 次，curr_time: 202511210844
W1121 08:44:06.390172 140131362084672 upload.py:79] 已经等待: 22 次，curr_time: 202511210844
I1121 08:46:06.533748 140131362084672 api.py:240] Exception: {'status': 404, 'x-oss-request-id': '691FB64EEF3B1F3339BAB7D2', 'details': {'Code': 'NoSuchKey', 'Message': 'The specified key does not exist.', 'RequestId': '691FB64EEF3B1F3339BAB7D2', 'HostId': 'adx-oss.oss-cn-beijing.aliyuncs.com', 'Key': 'deep_model/offline/O35/20251120/_FEATURE_SUCCESS', 'EC': '0026-00000001', 'RecommendDoc': 'https://api.aliyun.com/troubleshoot?q=0026-00000001'}}
2025-11-21 08:46:06,533 - [feat_file_exists-->line:78] - WARNING:offline_feat_path: deep_model/offline/O35/20251120/_FEATURE_SUCCESS is not exist, sleep 2m ...
W1121 08:46:06.533909 140131362084672 upload.py:78] offline_feat_path: deep_model/offline/O35/20251120/_FEATURE_SUCCESS is not exist, sleep 2m ...
2025-11-21 08:46:06,533 - [feat_file_exists-->line:79] - WARNING:已经等待: 23 次，curr_time: 202511210846
W1121 08:46:06.533964 140131362084672 upload.py:79] 已经等待: 23 次，curr_time: 202511210846
I1121 08:48:06.668678 140131362084672 api.py:240] Exception: {'status': 404, 'x-oss-request-id': '691FB6C64D84EE3438518F01', 'details': {'Code': 'NoSuchKey', 'Message': 'The specified key does not exist.', 'RequestId': '691FB6C64D84EE3438518F01', 'HostId': 'adx-oss.oss-cn-beijing.aliyuncs.com', 'Key': 'deep_model/offline/O35/20251120/_FEATURE_SUCCESS', 'EC': '0026-00000001', 'RecommendDoc': 'https://api.aliyun.com/troubleshoot?q=0026-00000001'}}
2025-11-21 08:48:06,668 - [feat_file_exists-->line:78] - WARNING:offline_feat_path: deep_model/offline/O35/20251120/_FEATURE_SUCCESS is not exist, sleep 2m ...
W1121 08:48:06.668832 140131362084672 upload.py:78] offline_feat_path: deep_model/offline/O35/20251120/_FEATURE_SUCCESS is not exist, sleep 2m ...
2025-11-21 08:48:06,668 - [feat_file_exists-->line:79] - WARNING:已经等待: 24 次，curr_time: 202511210848
W1121 08:48:06.668887 140131362084672 upload.py:79] 已经等待: 24 次，curr_time: 202511210848
I1121 08:50:06.805221 140131362084672 api.py:240] Exception: {'status': 404, 'x-oss-request-id': '691FB73EAE35773539D8F0FB', 'details': {'Code': 'NoSuchKey', 'Message': 'The specified key does not exist.', 'RequestId': '691FB73EAE35773539D8F0FB', 'HostId': 'adx-oss.oss-cn-beijing.aliyuncs.com', 'Key': 'deep_model/offline/O35/20251120/_FEATURE_SUCCESS', 'EC': '0026-00000001', 'RecommendDoc': 'https://api.aliyun.com/troubleshoot?q=0026-00000001'}}
2025-11-21 08:50:06,805 - [feat_file_exists-->line:78] - WARNING:offline_feat_path: deep_model/offline/O35/20251120/_FEATURE_SUCCESS is not exist, sleep 2m ...
W1121 08:50:06.805548 140131362084672 upload.py:78] offline_feat_path: deep_model/offline/O35/20251120/_FEATURE_SUCCESS is not exist, sleep 2m ...
2025-11-21 08:50:06,805 - [feat_file_exists-->line:79] - WARNING:已经等待: 25 次，curr_time: 202511210850
W1121 08:50:06.805623 140131362084672 upload.py:79] 已经等待: 25 次，curr_time: 202511210850
I1121 08:52:06.888073 140131362084672 api.py:240] Exception: {'status': 404, 'x-oss-request-id': '691FB7B601B31839326235ED', 'details': {'Code': 'NoSuchKey', 'Message': 'The specified key does not exist.', 'RequestId': '691FB7B601B31839326235ED', 'HostId': 'adx-oss.oss-cn-beijing.aliyuncs.com', 'Key': 'deep_model/offline/O35/20251120/_FEATURE_SUCCESS', 'EC': '0026-00000001', 'RecommendDoc': 'https://api.aliyun.com/troubleshoot?q=0026-00000001'}}
2025-11-21 08:52:06,888 - [feat_file_exists-->line:78] - WARNING:offline_feat_path: deep_model/offline/O35/20251120/_FEATURE_SUCCESS is not exist, sleep 2m ...
W1121 08:52:06.888223 140131362084672 upload.py:78] offline_feat_path: deep_model/offline/O35/20251120/_FEATURE_SUCCESS is not exist, sleep 2m ...
2025-11-21 08:52:06,888 - [feat_file_exists-->line:79] - WARNING:已经等待: 26 次，curr_time: 202511210852
W1121 08:52:06.888279 140131362084672 upload.py:79] 已经等待: 26 次，curr_time: 202511210852
I1121 08:54:06.956024 140131362084672 api.py:240] Exception: {'status': 404, 'x-oss-request-id': '691FB82E823A79383793234C', 'details': {'Code': 'NoSuchKey', 'Message': 'The specified key does not exist.', 'RequestId': '691FB82E823A79383793234C', 'HostId': 'adx-oss.oss-cn-beijing.aliyuncs.com', 'Key': 'deep_model/offline/O35/20251120/_FEATURE_SUCCESS', 'EC': '0026-00000001', 'RecommendDoc': 'https://api.aliyun.com/troubleshoot?q=0026-00000001'}}
2025-11-21 08:54:06,956 - [feat_file_exists-->line:78] - WARNING:offline_feat_path: deep_model/offline/O35/20251120/_FEATURE_SUCCESS is not exist, sleep 2m ...
W1121 08:54:06.956193 140131362084672 upload.py:78] offline_feat_path: deep_model/offline/O35/20251120/_FEATURE_SUCCESS is not exist, sleep 2m ...
2025-11-21 08:54:06,956 - [feat_file_exists-->line:79] - WARNING:已经等待: 27 次，curr_time: 202511210854
W1121 08:54:06.956252 140131362084672 upload.py:79] 已经等待: 27 次，curr_time: 202511210854
I1121 08:56:07.100712 140131362084672 api.py:240] Exception: {'status': 404, 'x-oss-request-id': '691FB8A78CFD48303888843E', 'details': {'Code': 'NoSuchKey', 'Message': 'The specified key does not exist.', 'RequestId': '691FB8A78CFD48303888843E', 'HostId': 'adx-oss.oss-cn-beijing.aliyuncs.com', 'Key': 'deep_model/offline/O35/20251120/_FEATURE_SUCCESS', 'EC': '0026-00000001', 'RecommendDoc': 'https://api.aliyun.com/troubleshoot?q=0026-00000001'}}
2025-11-21 08:56:07,100 - [feat_file_exists-->line:78] - WARNING:offline_feat_path: deep_model/offline/O35/20251120/_FEATURE_SUCCESS is not exist, sleep 2m ...
W1121 08:56:07.100861 140131362084672 upload.py:78] offline_feat_path: deep_model/offline/O35/20251120/_FEATURE_SUCCESS is not exist, sleep 2m ...
2025-11-21 08:56:07,100 - [feat_file_exists-->line:79] - WARNING:已经等待: 28 次，curr_time: 202511210856
W1121 08:56:07.100917 140131362084672 upload.py:79] 已经等待: 28 次，curr_time: 202511210856
I1121 08:58:07.274215 140131362084672 api.py:240] Exception: {'status': 404, 'x-oss-request-id': '691FB91F19E4A232360C5925', 'details': {'Code': 'NoSuchKey', 'Message': 'The specified key does not exist.', 'RequestId': '691FB91F19E4A232360C5925', 'HostId': 'adx-oss.oss-cn-beijing.aliyuncs.com', 'Key': 'deep_model/offline/O35/20251120/_FEATURE_SUCCESS', 'EC': '0026-00000001', 'RecommendDoc': 'https://api.aliyun.com/troubleshoot?q=0026-00000001'}}
2025-11-21 08:58:07,274 - [feat_file_exists-->line:78] - WARNING:offline_feat_path: deep_model/offline/O35/20251120/_FEATURE_SUCCESS is not exist, sleep 2m ...
W1121 08:58:07.274379 140131362084672 upload.py:78] offline_feat_path: deep_model/offline/O35/20251120/_FEATURE_SUCCESS is not exist, sleep 2m ...
2025-11-21 08:58:07,274 - [feat_file_exists-->line:79] - WARNING:已经等待: 29 次，curr_time: 202511210858
W1121 08:58:07.274437 140131362084672 upload.py:79] 已经等待: 29 次，curr_time: 202511210858
I1121 09:00:07.408078 140131362084672 api.py:240] Exception: {'status': 404, 'x-oss-request-id': '691FB99701B3183034A591FC', 'details': {'Code': 'NoSuchKey', 'Message': 'The specified key does not exist.', 'RequestId': '691FB99701B3183034A591FC', 'HostId': 'adx-oss.oss-cn-beijing.aliyuncs.com', 'Key': 'deep_model/offline/O35/20251120/_FEATURE_SUCCESS', 'EC': '0026-00000001', 'RecommendDoc': 'https://api.aliyun.com/troubleshoot?q=0026-00000001'}}
2025-11-21 09:00:07,408 - [feat_file_exists-->line:78] - WARNING:offline_feat_path: deep_model/offline/O35/20251120/_FEATURE_SUCCESS is not exist, sleep 2m ...
W1121 09:00:07.408255 140131362084672 upload.py:78] offline_feat_path: deep_model/offline/O35/20251120/_FEATURE_SUCCESS is not exist, sleep 2m ...
2025-11-21 09:00:07,408 - [feat_file_exists-->line:79] - WARNING:已经等待: 30 次，curr_time: 202511210900
W1121 09:00:07.408313 140131362084672 upload.py:79] 已经等待: 30 次，curr_time: 202511210900
I1121 09:02:07.510677 140131362084672 api.py:240] Exception: {'status': 404, 'x-oss-request-id': '691FBA0F316FA034310DE0AA', 'details': {'Code': 'NoSuchKey', 'Message': 'The specified key does not exist.', 'RequestId': '691FBA0F316FA034310DE0AA', 'HostId': 'adx-oss.oss-cn-beijing.aliyuncs.com', 'Key': 'deep_model/offline/O35/20251120/_FEATURE_SUCCESS', 'EC': '0026-00000001', 'RecommendDoc': 'https://api.aliyun.com/troubleshoot?q=0026-00000001'}}
2025-11-21 09:02:07,510 - [feat_file_exists-->line:78] - WARNING:offline_feat_path: deep_model/offline/O35/20251120/_FEATURE_SUCCESS is not exist, sleep 2m ...
W1121 09:02:07.510825 140131362084672 upload.py:78] offline_feat_path: deep_model/offline/O35/20251120/_FEATURE_SUCCESS is not exist, sleep 2m ...
2025-11-21 09:02:07,510 - [feat_file_exists-->line:79] - WARNING:已经等待: 31 次，curr_time: 202511210902
W1121 09:02:07.510879 140131362084672 upload.py:79] 已经等待: 31 次，curr_time: 202511210902
I1121 09:04:07.566954 140131362084672 api.py:240] Exception: {'status': 404, 'x-oss-request-id': '691FBA87B43FDF313279E182', 'details': {'Code': 'NoSuchKey', 'Message': 'The specified key does not exist.', 'RequestId': '691FBA87B43FDF313279E182', 'HostId': 'adx-oss.oss-cn-beijing.aliyuncs.com', 'Key': 'deep_model/offline/O35/20251120/_FEATURE_SUCCESS', 'EC': '0026-00000001', 'RecommendDoc': 'https://api.aliyun.com/troubleshoot?q=0026-00000001'}}
2025-11-21 09:04:07,567 - [feat_file_exists-->line:78] - WARNING:offline_feat_path: deep_model/offline/O35/20251120/_FEATURE_SUCCESS is not exist, sleep 2m ...
W1121 09:04:07.567114 140131362084672 upload.py:78] offline_feat_path: deep_model/offline/O35/20251120/_FEATURE_SUCCESS is not exist, sleep 2m ...
2025-11-21 09:04:07,567 - [feat_file_exists-->line:79] - WARNING:已经等待: 32 次，curr_time: 202511210904
W1121 09:04:07.567170 140131362084672 upload.py:79] 已经等待: 32 次，curr_time: 202511210904
I1121 09:06:07.698128 140131362084672 api.py:240] Exception: {'status': 404, 'x-oss-request-id': '691FBAFF93E78F303051B398', 'details': {'Code': 'NoSuchKey', 'Message': 'The specified key does not exist.', 'RequestId': '691FBAFF93E78F303051B398', 'HostId': 'adx-oss.oss-cn-beijing.aliyuncs.com', 'Key': 'deep_model/offline/O35/20251120/_FEATURE_SUCCESS', 'EC': '0026-00000001', 'RecommendDoc': 'https://api.aliyun.com/troubleshoot?q=0026-00000001'}}
2025-11-21 09:06:07,698 - [feat_file_exists-->line:78] - WARNING:offline_feat_path: deep_model/offline/O35/20251120/_FEATURE_SUCCESS is not exist, sleep 2m ...
W1121 09:06:07.698282 140131362084672 upload.py:78] offline_feat_path: deep_model/offline/O35/20251120/_FEATURE_SUCCESS is not exist, sleep 2m ...
2025-11-21 09:06:07,698 - [feat_file_exists-->line:79] - WARNING:已经等待: 33 次，curr_time: 202511210906
W1121 09:06:07.698337 140131362084672 upload.py:79] 已经等待: 33 次，curr_time: 202511210906
I1121 09:08:07.834493 140131362084672 api.py:240] Exception: {'status': 404, 'x-oss-request-id': '691FBB7743274C36331B49D5', 'details': {'Code': 'NoSuchKey', 'Message': 'The specified key does not exist.', 'RequestId': '691FBB7743274C36331B49D5', 'HostId': 'adx-oss.oss-cn-beijing.aliyuncs.com', 'Key': 'deep_model/offline/O35/20251120/_FEATURE_SUCCESS', 'EC': '0026-00000001', 'RecommendDoc': 'https://api.aliyun.com/troubleshoot?q=0026-00000001'}}
2025-11-21 09:08:07,834 - [feat_file_exists-->line:78] - WARNING:offline_feat_path: deep_model/offline/O35/20251120/_FEATURE_SUCCESS is not exist, sleep 2m ...
W1121 09:08:07.834659 140131362084672 upload.py:78] offline_feat_path: deep_model/offline/O35/20251120/_FEATURE_SUCCESS is not exist, sleep 2m ...
2025-11-21 09:08:07,834 - [feat_file_exists-->line:79] - WARNING:已经等待: 34 次，curr_time: 202511210908
W1121 09:08:07.834717 140131362084672 upload.py:79] 已经等待: 34 次，curr_time: 202511210908
I1121 09:10:07.964284 140131362084672 api.py:240] Exception: {'status': 404, 'x-oss-request-id': '691FBBEF3C94C73730A79888', 'details': {'Code': 'NoSuchKey', 'Message': 'The specified key does not exist.', 'RequestId': '691FBBEF3C94C73730A79888', 'HostId': 'adx-oss.oss-cn-beijing.aliyuncs.com', 'Key': 'deep_model/offline/O35/20251120/_FEATURE_SUCCESS', 'EC': '0026-00000001', 'RecommendDoc': 'https://api.aliyun.com/troubleshoot?q=0026-00000001'}}
2025-11-21 09:10:07,964 - [feat_file_exists-->line:78] - WARNING:offline_feat_path: deep_model/offline/O35/20251120/_FEATURE_SUCCESS is not exist, sleep 2m ...
W1121 09:10:07.964437 140131362084672 upload.py:78] offline_feat_path: deep_model/offline/O35/20251120/_FEATURE_SUCCESS is not exist, sleep 2m ...
2025-11-21 09:10:07,964 - [feat_file_exists-->line:79] - WARNING:已经等待: 35 次，curr_time: 202511210910
W1121 09:10:07.964503 140131362084672 upload.py:79] 已经等待: 35 次，curr_time: 202511210910
I1121 09:12:08.103852 140131362084672 api.py:240] Exception: {'status': 404, 'x-oss-request-id': '691FBC6835C1EE30381E4DF7', 'details': {'Code': 'NoSuchKey', 'Message': 'The specified key does not exist.', 'RequestId': '691FBC6835C1EE30381E4DF7', 'HostId': 'adx-oss.oss-cn-beijing.aliyuncs.com', 'Key': 'deep_model/offline/O35/20251120/_FEATURE_SUCCESS', 'EC': '0026-00000001', 'RecommendDoc': 'https://api.aliyun.com/troubleshoot?q=0026-00000001'}}
2025-11-21 09:12:08,104 - [feat_file_exists-->line:78] - WARNING:offline_feat_path: deep_model/offline/O35/20251120/_FEATURE_SUCCESS is not exist, sleep 2m ...
W1121 09:12:08.104071 140131362084672 upload.py:78] offline_feat_path: deep_model/offline/O35/20251120/_FEATURE_SUCCESS is not exist, sleep 2m ...
2025-11-21 09:12:08,104 - [feat_file_exists-->line:79] - WARNING:已经等待: 36 次，curr_time: 202511210912
W1121 09:12:08.104169 140131362084672 upload.py:79] 已经等待: 36 次，curr_time: 202511210912
I1121 09:14:08.245041 140131362084672 api.py:240] Exception: {'status': 404, 'x-oss-request-id': '691FBCE0CE90F33730CBBEC3', 'details': {'Code': 'NoSuchKey', 'Message': 'The specified key does not exist.', 'RequestId': '691FBCE0CE90F33730CBBEC3', 'HostId': 'adx-oss.oss-cn-beijing.aliyuncs.com', 'Key': 'deep_model/offline/O35/20251120/_FEATURE_SUCCESS', 'EC': '0026-00000001', 'RecommendDoc': 'https://api.aliyun.com/troubleshoot?q=0026-00000001'}}
2025-11-21 09:14:08,245 - [feat_file_exists-->line:78] - WARNING:offline_feat_path: deep_model/offline/O35/20251120/_FEATURE_SUCCESS is not exist, sleep 2m ...
W1121 09:14:08.245202 140131362084672 upload.py:78] offline_feat_path: deep_model/offline/O35/20251120/_FEATURE_SUCCESS is not exist, sleep 2m ...
2025-11-21 09:14:08,245 - [feat_file_exists-->line:79] - WARNING:已经等待: 37 次，curr_time: 202511210914
W1121 09:14:08.245260 140131362084672 upload.py:79] 已经等待: 37 次，curr_time: 202511210914
I1121 09:16:08.390186 140131362084672 api.py:240] Exception: {'status': 404, 'x-oss-request-id': '691FBD581B2A0235309F55B0', 'details': {'Code': 'NoSuchKey', 'Message': 'The specified key does not exist.', 'RequestId': '691FBD581B2A0235309F55B0', 'HostId': 'adx-oss.oss-cn-beijing.aliyuncs.com', 'Key': 'deep_model/offline/O35/20251120/_FEATURE_SUCCESS', 'EC': '0026-00000001', 'RecommendDoc': 'https://api.aliyun.com/troubleshoot?q=0026-00000001'}}
2025-11-21 09:16:08,390 - [feat_file_exists-->line:78] - WARNING:offline_feat_path: deep_model/offline/O35/20251120/_FEATURE_SUCCESS is not exist, sleep 2m ...
W1121 09:16:08.390341 140131362084672 upload.py:78] offline_feat_path: deep_model/offline/O35/20251120/_FEATURE_SUCCESS is not exist, sleep 2m ...
2025-11-21 09:16:08,390 - [feat_file_exists-->line:79] - WARNING:已经等待: 38 次，curr_time: 202511210916
W1121 09:16:08.390396 140131362084672 upload.py:79] 已经等待: 38 次，curr_time: 202511210916
I1121 09:18:08.530292 140131362084672 api.py:240] Exception: {'status': 404, 'x-oss-request-id': '691FBDD05BF222373293B156', 'details': {'Code': 'NoSuchKey', 'Message': 'The specified key does not exist.', 'RequestId': '691FBDD05BF222373293B156', 'HostId': 'adx-oss.oss-cn-beijing.aliyuncs.com', 'Key': 'deep_model/offline/O35/20251120/_FEATURE_SUCCESS', 'EC': '0026-00000001', 'RecommendDoc': 'https://api.aliyun.com/troubleshoot?q=0026-00000001'}}
2025-11-21 09:18:08,530 - [feat_file_exists-->line:78] - WARNING:offline_feat_path: deep_model/offline/O35/20251120/_FEATURE_SUCCESS is not exist, sleep 2m ...
W1121 09:18:08.530455 140131362084672 upload.py:78] offline_feat_path: deep_model/offline/O35/20251120/_FEATURE_SUCCESS is not exist, sleep 2m ...
2025-11-21 09:18:08,530 - [feat_file_exists-->line:79] - WARNING:已经等待: 39 次，curr_time: 202511210918
W1121 09:18:08.530515 140131362084672 upload.py:79] 已经等待: 39 次，curr_time: 202511210918
I1121 09:20:08.672702 140131362084672 api.py:240] Exception: {'status': 404, 'x-oss-request-id': '691FBE48AC78CA3230B82A9E', 'details': {'Code': 'NoSuchKey', 'Message': 'The specified key does not exist.', 'RequestId': '691FBE48AC78CA3230B82A9E', 'HostId': 'adx-oss.oss-cn-beijing.aliyuncs.com', 'Key': 'deep_model/offline/O35/20251120/_FEATURE_SUCCESS', 'EC': '0026-00000001', 'RecommendDoc': 'https://api.aliyun.com/troubleshoot?q=0026-00000001'}}
2025-11-21 09:20:08,672 - [feat_file_exists-->line:78] - WARNING:offline_feat_path: deep_model/offline/O35/20251120/_FEATURE_SUCCESS is not exist, sleep 2m ...
W1121 09:20:08.672872 140131362084672 upload.py:78] offline_feat_path: deep_model/offline/O35/20251120/_FEATURE_SUCCESS is not exist, sleep 2m ...
2025-11-21 09:20:08,672 - [feat_file_exists-->line:79] - WARNING:已经等待: 40 次，curr_time: 202511210920
W1121 09:20:08.672929 140131362084672 upload.py:79] 已经等待: 40 次，curr_time: 202511210920
I1121 09:22:08.751716 140131362084672 api.py:240] Exception: {'status': 404, 'x-oss-request-id': '691FBEC0C39D6A3636CF7CB5', 'details': {'Code': 'NoSuchKey', 'Message': 'The specified key does not exist.', 'RequestId': '691FBEC0C39D6A3636CF7CB5', 'HostId': 'adx-oss.oss-cn-beijing.aliyuncs.com', 'Key': 'deep_model/offline/O35/20251120/_FEATURE_SUCCESS', 'EC': '0026-00000001', 'RecommendDoc': 'https://api.aliyun.com/troubleshoot?q=0026-00000001'}}
2025-11-21 09:22:08,751 - [feat_file_exists-->line:78] - WARNING:offline_feat_path: deep_model/offline/O35/20251120/_FEATURE_SUCCESS is not exist, sleep 2m ...
W1121 09:22:08.751874 140131362084672 upload.py:78] offline_feat_path: deep_model/offline/O35/20251120/_FEATURE_SUCCESS is not exist, sleep 2m ...
2025-11-21 09:22:08,751 - [feat_file_exists-->line:79] - WARNING:已经等待: 41 次，curr_time: 202511210922
W1121 09:22:08.751930 140131362084672 upload.py:79] 已经等待: 41 次，curr_time: 202511210922
I1121 09:24:08.884768 140131362084672 api.py:240] Exception: {'status': 404, 'x-oss-request-id': '691FBF38C98FE036371D59CC', 'details': {'Code': 'NoSuchKey', 'Message': 'The specified key does not exist.', 'RequestId': '691FBF38C98FE036371D59CC', 'HostId': 'adx-oss.oss-cn-beijing.aliyuncs.com', 'Key': 'deep_model/offline/O35/20251120/_FEATURE_SUCCESS', 'EC': '0026-00000001', 'RecommendDoc': 'https://api.aliyun.com/troubleshoot?q=0026-00000001'}}
2025-11-21 09:24:08,884 - [feat_file_exists-->line:78] - WARNING:offline_feat_path: deep_model/offline/O35/20251120/_FEATURE_SUCCESS is not exist, sleep 2m ...
W1121 09:24:08.884921 140131362084672 upload.py:78] offline_feat_path: deep_model/offline/O35/20251120/_FEATURE_SUCCESS is not exist, sleep 2m ...
2025-11-21 09:24:08,884 - [feat_file_exists-->line:79] - WARNING:已经等待: 42 次，curr_time: 202511210924
W1121 09:24:08.884978 140131362084672 upload.py:79] 已经等待: 42 次，curr_time: 202511210924
I1121 09:26:08.935730 140131362084672 api.py:240] Exception: {'status': 404, 'x-oss-request-id': '691FBFB0B87DBB31313D15BA', 'details': {'Code': 'NoSuchKey', 'Message': 'The specified key does not exist.', 'RequestId': '691FBFB0B87DBB31313D15BA', 'HostId': 'adx-oss.oss-cn-beijing.aliyuncs.com', 'Key': 'deep_model/offline/O35/20251120/_FEATURE_SUCCESS', 'EC': '0026-00000001', 'RecommendDoc': 'https://api.aliyun.com/troubleshoot?q=0026-00000001'}}
2025-11-21 09:26:08,935 - [feat_file_exists-->line:78] - WARNING:offline_feat_path: deep_model/offline/O35/20251120/_FEATURE_SUCCESS is not exist, sleep 2m ...
W1121 09:26:08.935882 140131362084672 upload.py:78] offline_feat_path: deep_model/offline/O35/20251120/_FEATURE_SUCCESS is not exist, sleep 2m ...
2025-11-21 09:26:08,935 - [feat_file_exists-->line:79] - WARNING:已经等待: 43 次，curr_time: 202511210926
W1121 09:26:08.935935 140131362084672 upload.py:79] 已经等待: 43 次，curr_time: 202511210926
I1121 09:28:09.064273 140131362084672 api.py:240] Exception: {'status': 404, 'x-oss-request-id': '691FC0295084953238E1CCC0', 'details': {'Code': 'NoSuchKey', 'Message': 'The specified key does not exist.', 'RequestId': '691FC0295084953238E1CCC0', 'HostId': 'adx-oss.oss-cn-beijing.aliyuncs.com', 'Key': 'deep_model/offline/O35/20251120/_FEATURE_SUCCESS', 'EC': '0026-00000001', 'RecommendDoc': 'https://api.aliyun.com/troubleshoot?q=0026-00000001'}}
2025-11-21 09:28:09,064 - [feat_file_exists-->line:78] - WARNING:offline_feat_path: deep_model/offline/O35/20251120/_FEATURE_SUCCESS is not exist, sleep 2m ...
W1121 09:28:09.064423 140131362084672 upload.py:78] offline_feat_path: deep_model/offline/O35/20251120/_FEATURE_SUCCESS is not exist, sleep 2m ...
2025-11-21 09:28:09,064 - [feat_file_exists-->line:79] - WARNING:已经等待: 44 次，curr_time: 202511210928
W1121 09:28:09.064486 140131362084672 upload.py:79] 已经等待: 44 次，curr_time: 202511210928
I1121 09:30:09.195983 140131362084672 api.py:240] Exception: {'status': 404, 'x-oss-request-id': '691FC0A1DF15CB3732E47A58', 'details': {'Code': 'NoSuchKey', 'Message': 'The specified key does not exist.', 'RequestId': '691FC0A1DF15CB3732E47A58', 'HostId': 'adx-oss.oss-cn-beijing.aliyuncs.com', 'Key': 'deep_model/offline/O35/20251120/_FEATURE_SUCCESS', 'EC': '0026-00000001', 'RecommendDoc': 'https://api.aliyun.com/troubleshoot?q=0026-00000001'}}
2025-11-21 09:30:09,196 - [feat_file_exists-->line:78] - WARNING:offline_feat_path: deep_model/offline/O35/20251120/_FEATURE_SUCCESS is not exist, sleep 2m ...
W1121 09:30:09.196146 140131362084672 upload.py:78] offline_feat_path: deep_model/offline/O35/20251120/_FEATURE_SUCCESS is not exist, sleep 2m ...
2025-11-21 09:30:09,196 - [feat_file_exists-->line:79] - WARNING:已经等待: 45 次，curr_time: 202511210930
W1121 09:30:09.196199 140131362084672 upload.py:79] 已经等待: 45 次，curr_time: 202511210930
I1121 09:32:09.317113 140131362084672 api.py:240] Exception: {'status': 404, 'x-oss-request-id': '691FC119E94AA332313BDE70', 'details': {'Code': 'NoSuchKey', 'Message': 'The specified key does not exist.', 'RequestId': '691FC119E94AA332313BDE70', 'HostId': 'adx-oss.oss-cn-beijing.aliyuncs.com', 'Key': 'deep_model/offline/O35/20251120/_FEATURE_SUCCESS', 'EC': '0026-00000001', 'RecommendDoc': 'https://api.aliyun.com/troubleshoot?q=0026-00000001'}}
2025-11-21 09:32:09,317 - [feat_file_exists-->line:78] - WARNING:offline_feat_path: deep_model/offline/O35/20251120/_FEATURE_SUCCESS is not exist, sleep 2m ...
W1121 09:32:09.317268 140131362084672 upload.py:78] offline_feat_path: deep_model/offline/O35/20251120/_FEATURE_SUCCESS is not exist, sleep 2m ...
2025-11-21 09:32:09,317 - [feat_file_exists-->line:79] - WARNING:已经等待: 46 次，curr_time: 202511210932
W1121 09:32:09.317324 140131362084672 upload.py:79] 已经等待: 46 次，curr_time: 202511210932
I1121 09:34:09.412710 140131362084672 api.py:240] Exception: {'status': 404, 'x-oss-request-id': '691FC19148EAF23336DAD0CD', 'details': {'Code': 'NoSuchKey', 'Message': 'The specified key does not exist.', 'RequestId': '691FC19148EAF23336DAD0CD', 'HostId': 'adx-oss.oss-cn-beijing.aliyuncs.com', 'Key': 'deep_model/offline/O35/20251120/_FEATURE_SUCCESS', 'EC': '0026-00000001', 'RecommendDoc': 'https://api.aliyun.com/troubleshoot?q=0026-00000001'}}
2025-11-21 09:34:09,412 - [feat_file_exists-->line:78] - WARNING:offline_feat_path: deep_model/offline/O35/20251120/_FEATURE_SUCCESS is not exist, sleep 2m ...
W1121 09:34:09.412872 140131362084672 upload.py:78] offline_feat_path: deep_model/offline/O35/20251120/_FEATURE_SUCCESS is not exist, sleep 2m ...
2025-11-21 09:34:09,412 - [feat_file_exists-->line:79] - WARNING:已经等待: 47 次，curr_time: 202511210934
W1121 09:34:09.412929 140131362084672 upload.py:79] 已经等待: 47 次，curr_time: 202511210934
I1121 09:36:09.507534 140131362084672 api.py:240] Exception: {'status': 404, 'x-oss-request-id': '691FC2096CC6B33038F4CD67', 'details': {'Code': 'NoSuchKey', 'Message': 'The specified key does not exist.', 'RequestId': '691FC2096CC6B33038F4CD67', 'HostId': 'adx-oss.oss-cn-beijing.aliyuncs.com', 'Key': 'deep_model/offline/O35/20251120/_FEATURE_SUCCESS', 'EC': '0026-00000001', 'RecommendDoc': 'https://api.aliyun.com/troubleshoot?q=0026-00000001'}}
2025-11-21 09:36:09,507 - [feat_file_exists-->line:78] - WARNING:offline_feat_path: deep_model/offline/O35/20251120/_FEATURE_SUCCESS is not exist, sleep 2m ...
W1121 09:36:09.507692 140131362084672 upload.py:78] offline_feat_path: deep_model/offline/O35/20251120/_FEATURE_SUCCESS is not exist, sleep 2m ...
2025-11-21 09:36:09,507 - [feat_file_exists-->line:79] - WARNING:已经等待: 48 次，curr_time: 202511210936
W1121 09:36:09.507747 140131362084672 upload.py:79] 已经等待: 48 次，curr_time: 202511210936
I1121 09:38:09.565361 140131362084672 api.py:240] Exception: {'status': 404, 'x-oss-request-id': '691FC2819BEF453630FCBB54', 'details': {'Code': 'NoSuchKey', 'Message': 'The specified key does not exist.', 'RequestId': '691FC2819BEF453630FCBB54', 'HostId': 'adx-oss.oss-cn-beijing.aliyuncs.com', 'Key': 'deep_model/offline/O35/20251120/_FEATURE_SUCCESS', 'EC': '0026-00000001', 'RecommendDoc': 'https://api.aliyun.com/troubleshoot?q=0026-00000001'}}
2025-11-21 09:38:09,565 - [feat_file_exists-->line:78] - WARNING:offline_feat_path: deep_model/offline/O35/20251120/_FEATURE_SUCCESS is not exist, sleep 2m ...
W1121 09:38:09.565525 140131362084672 upload.py:78] offline_feat_path: deep_model/offline/O35/20251120/_FEATURE_SUCCESS is not exist, sleep 2m ...
2025-11-21 09:38:09,565 - [feat_file_exists-->line:79] - WARNING:已经等待: 49 次，curr_time: 202511210938
W1121 09:38:09.565582 140131362084672 upload.py:79] 已经等待: 49 次，curr_time: 202511210938
I1121 09:40:09.700876 140131362084672 api.py:240] Exception: {'status': 404, 'x-oss-request-id': '691FC2F935C1EE3930771531', 'details': {'Code': 'NoSuchKey', 'Message': 'The specified key does not exist.', 'RequestId': '691FC2F935C1EE3930771531', 'HostId': 'adx-oss.oss-cn-beijing.aliyuncs.com', 'Key': 'deep_model/offline/O35/20251120/_FEATURE_SUCCESS', 'EC': '0026-00000001', 'RecommendDoc': 'https://api.aliyun.com/troubleshoot?q=0026-00000001'}}
2025-11-21 09:40:09,701 - [feat_file_exists-->line:78] - WARNING:offline_feat_path: deep_model/offline/O35/20251120/_FEATURE_SUCCESS is not exist, sleep 2m ...
W1121 09:40:09.701032 140131362084672 upload.py:78] offline_feat_path: deep_model/offline/O35/20251120/_FEATURE_SUCCESS is not exist, sleep 2m ...
2025-11-21 09:40:09,701 - [feat_file_exists-->line:79] - WARNING:已经等待: 50 次，curr_time: 202511210940
W1121 09:40:09.701087 140131362084672 upload.py:79] 已经等待: 50 次，curr_time: 202511210940
I1121 09:42:09.829559 140131362084672 api.py:240] Exception: {'status': 404, 'x-oss-request-id': '691FC3717E83AC383841ACE4', 'details': {'Code': 'NoSuchKey', 'Message': 'The specified key does not exist.', 'RequestId': '691FC3717E83AC383841ACE4', 'HostId': 'adx-oss.oss-cn-beijing.aliyuncs.com', 'Key': 'deep_model/offline/O35/20251120/_FEATURE_SUCCESS', 'EC': '0026-00000001', 'RecommendDoc': 'https://api.aliyun.com/troubleshoot?q=0026-00000001'}}
2025-11-21 09:42:09,829 - [feat_file_exists-->line:78] - WARNING:offline_feat_path: deep_model/offline/O35/20251120/_FEATURE_SUCCESS is not exist, sleep 2m ...
W1121 09:42:09.829718 140131362084672 upload.py:78] offline_feat_path: deep_model/offline/O35/20251120/_FEATURE_SUCCESS is not exist, sleep 2m ...
2025-11-21 09:42:09,829 - [feat_file_exists-->line:79] - WARNING:已经等待: 51 次，curr_time: 202511210942
W1121 09:42:09.829772 140131362084672 upload.py:79] 已经等待: 51 次，curr_time: 202511210942
I1121 09:44:09.931568 140131362084672 api.py:240] Exception: {'status': 404, 'x-oss-request-id': '691FC3E9C39D6A3030B072E3', 'details': {'Code': 'NoSuchKey', 'Message': 'The specified key does not exist.', 'RequestId': '691FC3E9C39D6A3030B072E3', 'HostId': 'adx-oss.oss-cn-beijing.aliyuncs.com', 'Key': 'deep_model/offline/O35/20251120/_FEATURE_SUCCESS', 'EC': '0026-00000001', 'RecommendDoc': 'https://api.aliyun.com/troubleshoot?q=0026-00000001'}}
2025-11-21 09:44:09,931 - [feat_file_exists-->line:78] - WARNING:offline_feat_path: deep_model/offline/O35/20251120/_FEATURE_SUCCESS is not exist, sleep 2m ...
W1121 09:44:09.931718 140131362084672 upload.py:78] offline_feat_path: deep_model/offline/O35/20251120/_FEATURE_SUCCESS is not exist, sleep 2m ...
2025-11-21 09:44:09,931 - [feat_file_exists-->line:79] - WARNING:已经等待: 52 次，curr_time: 202511210944
W1121 09:44:09.931774 140131362084672 upload.py:79] 已经等待: 52 次，curr_time: 202511210944
I1121 09:46:10.070605 140131362084672 api.py:240] Exception: {'status': 404, 'x-oss-request-id': '691FC46292BB033433421287', 'details': {'Code': 'NoSuchKey', 'Message': 'The specified key does not exist.', 'RequestId': '691FC46292BB033433421287', 'HostId': 'adx-oss.oss-cn-beijing.aliyuncs.com', 'Key': 'deep_model/offline/O35/20251120/_FEATURE_SUCCESS', 'EC': '0026-00000001', 'RecommendDoc': 'https://api.aliyun.com/troubleshoot?q=0026-00000001'}}
2025-11-21 09:46:10,070 - [feat_file_exists-->line:78] - WARNING:offline_feat_path: deep_model/offline/O35/20251120/_FEATURE_SUCCESS is not exist, sleep 2m ...
W1121 09:46:10.070765 140131362084672 upload.py:78] offline_feat_path: deep_model/offline/O35/20251120/_FEATURE_SUCCESS is not exist, sleep 2m ...
2025-11-21 09:46:10,070 - [feat_file_exists-->line:79] - WARNING:已经等待: 53 次，curr_time: 202511210946
W1121 09:46:10.070820 140131362084672 upload.py:79] 已经等待: 53 次，curr_time: 202511210946
I1121 09:48:10.207514 140131362084672 api.py:240] Exception: {'status': 404, 'x-oss-request-id': '691FC4DA4D84EE3436E9207C', 'details': {'Code': 'NoSuchKey', 'Message': 'The specified key does not exist.', 'RequestId': '691FC4DA4D84EE3436E9207C', 'HostId': 'adx-oss.oss-cn-beijing.aliyuncs.com', 'Key': 'deep_model/offline/O35/20251120/_FEATURE_SUCCESS', 'EC': '0026-00000001', 'RecommendDoc': 'https://api.aliyun.com/troubleshoot?q=0026-00000001'}}
2025-11-21 09:48:10,207 - [feat_file_exists-->line:78] - WARNING:offline_feat_path: deep_model/offline/O35/20251120/_FEATURE_SUCCESS is not exist, sleep 2m ...
W1121 09:48:10.207666 140131362084672 upload.py:78] offline_feat_path: deep_model/offline/O35/20251120/_FEATURE_SUCCESS is not exist, sleep 2m ...
2025-11-21 09:48:10,207 - [feat_file_exists-->line:79] - WARNING:已经等待: 54 次，curr_time: 202511210948
W1121 09:48:10.207731 140131362084672 upload.py:79] 已经等待: 54 次，curr_time: 202511210948
I1121 09:50:10.352208 140131362084672 api.py:240] Exception: {'status': 404, 'x-oss-request-id': '691FC552A1ABEC3232B88568', 'details': {'Code': 'NoSuchKey', 'Message': 'The specified key does not exist.', 'RequestId': '691FC552A1ABEC3232B88568', 'HostId': 'adx-oss.oss-cn-beijing.aliyuncs.com', 'Key': 'deep_model/offline/O35/20251120/_FEATURE_SUCCESS', 'EC': '0026-00000001', 'RecommendDoc': 'https://api.aliyun.com/troubleshoot?q=0026-00000001'}}
2025-11-21 09:50:10,352 - [feat_file_exists-->line:78] - WARNING:offline_feat_path: deep_model/offline/O35/20251120/_FEATURE_SUCCESS is not exist, sleep 2m ...
W1121 09:50:10.352363 140131362084672 upload.py:78] offline_feat_path: deep_model/offline/O35/20251120/_FEATURE_SUCCESS is not exist, sleep 2m ...
2025-11-21 09:50:10,352 - [feat_file_exists-->line:79] - WARNING:已经等待: 55 次，curr_time: 202511210950
W1121 09:50:10.352418 140131362084672 upload.py:79] 已经等待: 55 次，curr_time: 202511210950
I1121 09:52:10.485612 140131362084672 api.py:240] Exception: {'status': 404, 'x-oss-request-id': '691FC5CACF36CB3932C6DDBE', 'details': {'Code': 'NoSuchKey', 'Message': 'The specified key does not exist.', 'RequestId': '691FC5CACF36CB3932C6DDBE', 'HostId': 'adx-oss.oss-cn-beijing.aliyuncs.com', 'Key': 'deep_model/offline/O35/20251120/_FEATURE_SUCCESS', 'EC': '0026-00000001', 'RecommendDoc': 'https://api.aliyun.com/troubleshoot?q=0026-00000001'}}
2025-11-21 09:52:10,485 - [feat_file_exists-->line:78] - WARNING:offline_feat_path: deep_model/offline/O35/20251120/_FEATURE_SUCCESS is not exist, sleep 2m ...
W1121 09:52:10.485763 140131362084672 upload.py:78] offline_feat_path: deep_model/offline/O35/20251120/_FEATURE_SUCCESS is not exist, sleep 2m ...
2025-11-21 09:52:10,485 - [feat_file_exists-->line:79] - WARNING:已经等待: 56 次，curr_time: 202511210952
W1121 09:52:10.485818 140131362084672 upload.py:79] 已经等待: 56 次，curr_time: 202511210952
I1121 09:54:10.533882 140131362084672 api.py:240] Exception: {'status': 404, 'x-oss-request-id': '691FC642C39D6A37309AC7F8', 'details': {'Code': 'NoSuchKey', 'Message': 'The specified key does not exist.', 'RequestId': '691FC642C39D6A37309AC7F8', 'HostId': 'adx-oss.oss-cn-beijing.aliyuncs.com', 'Key': 'deep_model/offline/O35/20251120/_FEATURE_SUCCESS', 'EC': '0026-00000001', 'RecommendDoc': 'https://api.aliyun.com/troubleshoot?q=0026-00000001'}}
2025-11-21 09:54:10,534 - [feat_file_exists-->line:78] - WARNING:offline_feat_path: deep_model/offline/O35/20251120/_FEATURE_SUCCESS is not exist, sleep 2m ...
W1121 09:54:10.534048 140131362084672 upload.py:78] offline_feat_path: deep_model/offline/O35/20251120/_FEATURE_SUCCESS is not exist, sleep 2m ...
2025-11-21 09:54:10,534 - [feat_file_exists-->line:79] - WARNING:已经等待: 57 次，curr_time: 202511210954
W1121 09:54:10.534105 140131362084672 upload.py:79] 已经等待: 57 次，curr_time: 202511210954
I1121 09:56:10.645411 140131362084672 api.py:240] Exception: {'status': 404, 'x-oss-request-id': '691FC6BA9BEF453136B7F67A', 'details': {'Code': 'NoSuchKey', 'Message': 'The specified key does not exist.', 'RequestId': '691FC6BA9BEF453136B7F67A', 'HostId': 'adx-oss.oss-cn-beijing.aliyuncs.com', 'Key': 'deep_model/offline/O35/20251120/_FEATURE_SUCCESS', 'EC': '0026-00000001', 'RecommendDoc': 'https://api.aliyun.com/troubleshoot?q=0026-00000001'}}
2025-11-21 09:56:10,645 - [feat_file_exists-->line:78] - WARNING:offline_feat_path: deep_model/offline/O35/20251120/_FEATURE_SUCCESS is not exist, sleep 2m ...
W1121 09:56:10.645562 140131362084672 upload.py:78] offline_feat_path: deep_model/offline/O35/20251120/_FEATURE_SUCCESS is not exist, sleep 2m ...
2025-11-21 09:56:10,645 - [feat_file_exists-->line:79] - WARNING:已经等待: 58 次，curr_time: 202511210956
W1121 09:56:10.645616 140131362084672 upload.py:79] 已经等待: 58 次，curr_time: 202511210956
I1121 09:58:10.784344 140131362084672 api.py:240] Exception: {'status': 404, 'x-oss-request-id': '691FC732823A79323590E8CF', 'details': {'Code': 'NoSuchKey', 'Message': 'The specified key does not exist.', 'RequestId': '691FC732823A79323590E8CF', 'HostId': 'adx-oss.oss-cn-beijing.aliyuncs.com', 'Key': 'deep_model/offline/O35/20251120/_FEATURE_SUCCESS', 'EC': '0026-00000001', 'RecommendDoc': 'https://api.aliyun.com/troubleshoot?q=0026-00000001'}}
2025-11-21 09:58:10,784 - [feat_file_exists-->line:78] - WARNING:offline_feat_path: deep_model/offline/O35/20251120/_FEATURE_SUCCESS is not exist, sleep 2m ...
W1121 09:58:10.784495 140131362084672 upload.py:78] offline_feat_path: deep_model/offline/O35/20251120/_FEATURE_SUCCESS is not exist, sleep 2m ...
2025-11-21 09:58:10,784 - [feat_file_exists-->line:79] - WARNING:已经等待: 59 次，curr_time: 202511210958
W1121 09:58:10.784550 140131362084672 upload.py:79] 已经等待: 59 次，curr_time: 202511210958
I1121 10:00:10.842401 140131362084672 api.py:240] Exception: {'status': 404, 'x-oss-request-id': '691FC7AA59E5103131429521', 'details': {'Code': 'NoSuchKey', 'Message': 'The specified key does not exist.', 'RequestId': '691FC7AA59E5103131429521', 'HostId': 'adx-oss.oss-cn-beijing.aliyuncs.com', 'Key': 'deep_model/offline/O35/20251120/_FEATURE_SUCCESS', 'EC': '0026-00000001', 'RecommendDoc': 'https://api.aliyun.com/troubleshoot?q=0026-00000001'}}
2025-11-21 10:00:10,842 - [feat_file_exists-->line:78] - WARNING:offline_feat_path: deep_model/offline/O35/20251120/_FEATURE_SUCCESS is not exist, sleep 2m ...
W1121 10:00:10.842554 140131362084672 upload.py:78] offline_feat_path: deep_model/offline/O35/20251120/_FEATURE_SUCCESS is not exist, sleep 2m ...
2025-11-21 10:00:10,842 - [feat_file_exists-->line:79] - WARNING:已经等待: 60 次，curr_time: 202511211000
W1121 10:00:10.842609 140131362084672 upload.py:79] 已经等待: 60 次，curr_time: 202511211000
I1121 10:02:10.980342 140131362084672 api.py:240] Exception: {'status': 404, 'x-oss-request-id': '691FC82257201738374C0E1B', 'details': {'Code': 'NoSuchKey', 'Message': 'The specified key does not exist.', 'RequestId': '691FC82257201738374C0E1B', 'HostId': 'adx-oss.oss-cn-beijing.aliyuncs.com', 'Key': 'deep_model/offline/O35/20251120/_FEATURE_SUCCESS', 'EC': '0026-00000001', 'RecommendDoc': 'https://api.aliyun.com/troubleshoot?q=0026-00000001'}}
2025-11-21 10:02:10,980 - [feat_file_exists-->line:78] - WARNING:offline_feat_path: deep_model/offline/O35/20251120/_FEATURE_SUCCESS is not exist, sleep 2m ...
W1121 10:02:10.980493 140131362084672 upload.py:78] offline_feat_path: deep_model/offline/O35/20251120/_FEATURE_SUCCESS is not exist, sleep 2m ...
2025-11-21 10:02:10,980 - [feat_file_exists-->line:79] - WARNING:已经等待: 61 次，curr_time: 202511211002
W1121 10:02:10.980558 140131362084672 upload.py:79] 已经等待: 61 次，curr_time: 202511211002
I1121 10:04:11.120169 140131362084672 api.py:240] Exception: {'status': 404, 'x-oss-request-id': '691FC89BE9055F3533B8C5DC', 'details': {'Code': 'NoSuchKey', 'Message': 'The specified key does not exist.', 'RequestId': '691FC89BE9055F3533B8C5DC', 'HostId': 'adx-oss.oss-cn-beijing.aliyuncs.com', 'Key': 'deep_model/offline/O35/20251120/_FEATURE_SUCCESS', 'EC': '0026-00000001', 'RecommendDoc': 'https://api.aliyun.com/troubleshoot?q=0026-00000001'}}
2025-11-21 10:04:11,120 - [feat_file_exists-->line:78] - WARNING:offline_feat_path: deep_model/offline/O35/20251120/_FEATURE_SUCCESS is not exist, sleep 2m ...
W1121 10:04:11.120325 140131362084672 upload.py:78] offline_feat_path: deep_model/offline/O35/20251120/_FEATURE_SUCCESS is not exist, sleep 2m ...
2025-11-21 10:04:11,120 - [feat_file_exists-->line:79] - WARNING:已经等待: 62 次，curr_time: 202511211004
W1121 10:04:11.120380 140131362084672 upload.py:79] 已经等待: 62 次，curr_time: 202511211004
I1121 10:06:12.278843 140131362084672 api.py:240] Exception: {'status': 404, 'x-oss-request-id': '691FC9131B2A023833CEB71A', 'details': {'Code': 'NoSuchKey', 'Message': 'The specified key does not exist.', 'RequestId': '691FC9131B2A023833CEB71A', 'HostId': 'adx-oss.oss-cn-beijing.aliyuncs.com', 'Key': 'deep_model/offline/O35/20251120/_FEATURE_SUCCESS', 'EC': '0026-00000001', 'RecommendDoc': 'https://api.aliyun.com/troubleshoot?q=0026-00000001'}}
2025-11-21 10:06:12,279 - [feat_file_exists-->line:78] - WARNING:offline_feat_path: deep_model/offline/O35/20251120/_FEATURE_SUCCESS is not exist, sleep 2m ...
W1121 10:06:12.279038 140131362084672 upload.py:78] offline_feat_path: deep_model/offline/O35/20251120/_FEATURE_SUCCESS is not exist, sleep 2m ...
2025-11-21 10:06:12,279 - [feat_file_exists-->line:79] - WARNING:已经等待: 63 次，curr_time: 202511211006
W1121 10:06:12.279114 140131362084672 upload.py:79] 已经等待: 63 次，curr_time: 202511211006
I1121 10:08:12.409764 140131362084672 api.py:240] Exception: {'status': 404, 'x-oss-request-id': '691FC98C5A7A543735891E6A', 'details': {'Code': 'NoSuchKey', 'Message': 'The specified key does not exist.', 'RequestId': '691FC98C5A7A543735891E6A', 'HostId': 'adx-oss.oss-cn-beijing.aliyuncs.com', 'Key': 'deep_model/offline/O35/20251120/_FEATURE_SUCCESS', 'EC': '0026-00000001', 'RecommendDoc': 'https://api.aliyun.com/troubleshoot?q=0026-00000001'}}
2025-11-21 10:08:12,409 - [feat_file_exists-->line:78] - WARNING:offline_feat_path: deep_model/offline/O35/20251120/_FEATURE_SUCCESS is not exist, sleep 2m ...
W1121 10:08:12.409969 140131362084672 upload.py:78] offline_feat_path: deep_model/offline/O35/20251120/_FEATURE_SUCCESS is not exist, sleep 2m ...
2025-11-21 10:08:12,410 - [feat_file_exists-->line:79] - WARNING:已经等待: 64 次，curr_time: 202511211008
W1121 10:08:12.410052 140131362084672 upload.py:79] 已经等待: 64 次，curr_time: 202511211008
I1121 10:10:12.553658 140131362084672 api.py:240] Exception: {'status': 404, 'x-oss-request-id': '691FCA045720173538D6512D', 'details': {'Code': 'NoSuchKey', 'Message': 'The specified key does not exist.', 'RequestId': '691FCA045720173538D6512D', 'HostId': 'adx-oss.oss-cn-beijing.aliyuncs.com', 'Key': 'deep_model/offline/O35/20251120/_FEATURE_SUCCESS', 'EC': '0026-00000001', 'RecommendDoc': 'https://api.aliyun.com/troubleshoot?q=0026-00000001'}}
2025-11-21 10:10:12,553 - [feat_file_exists-->line:78] - WARNING:offline_feat_path: deep_model/offline/O35/20251120/_FEATURE_SUCCESS is not exist, sleep 2m ...
W1121 10:10:12.553808 140131362084672 upload.py:78] offline_feat_path: deep_model/offline/O35/20251120/_FEATURE_SUCCESS is not exist, sleep 2m ...
2025-11-21 10:10:12,553 - [feat_file_exists-->line:79] - WARNING:已经等待: 65 次，curr_time: 202511211010
W1121 10:10:12.553869 140131362084672 upload.py:79] 已经等待: 65 次，curr_time: 202511211010
I1121 10:12:12.693343 140131362084672 api.py:240] Exception: {'status': 404, 'x-oss-request-id': '691FCA7CF4EF81323787A24D', 'details': {'Code': 'NoSuchKey', 'Message': 'The specified key does not exist.', 'RequestId': '691FCA7CF4EF81323787A24D', 'HostId': 'adx-oss.oss-cn-beijing.aliyuncs.com', 'Key': 'deep_model/offline/O35/20251120/_FEATURE_SUCCESS', 'EC': '0026-00000001', 'RecommendDoc': 'https://api.aliyun.com/troubleshoot?q=0026-00000001'}}
2025-11-21 10:12:12,693 - [feat_file_exists-->line:78] - WARNING:offline_feat_path: deep_model/offline/O35/20251120/_FEATURE_SUCCESS is not exist, sleep 2m ...
W1121 10:12:12.693511 140131362084672 upload.py:78] offline_feat_path: deep_model/offline/O35/20251120/_FEATURE_SUCCESS is not exist, sleep 2m ...
2025-11-21 10:12:12,693 - [feat_file_exists-->line:79] - WARNING:已经等待: 66 次，curr_time: 202511211012
W1121 10:12:12.693566 140131362084672 upload.py:79] 已经等待: 66 次，curr_time: 202511211012
I1121 10:14:12.832043 140131362084672 api.py:240] Exception: {'status': 404, 'x-oss-request-id': '691FCAF4AF6FED3434C8484B', 'details': {'Code': 'NoSuchKey', 'Message': 'The specified key does not exist.', 'RequestId': '691FCAF4AF6FED3434C8484B', 'HostId': 'adx-oss.oss-cn-beijing.aliyuncs.com', 'Key': 'deep_model/offline/O35/20251120/_FEATURE_SUCCESS', 'EC': '0026-00000001', 'RecommendDoc': 'https://api.aliyun.com/troubleshoot?q=0026-00000001'}}
2025-11-21 10:14:12,832 - [feat_file_exists-->line:78] - WARNING:offline_feat_path: deep_model/offline/O35/20251120/_FEATURE_SUCCESS is not exist, sleep 2m ...
W1121 10:14:12.832207 140131362084672 upload.py:78] offline_feat_path: deep_model/offline/O35/20251120/_FEATURE_SUCCESS is not exist, sleep 2m ...
2025-11-21 10:14:12,832 - [feat_file_exists-->line:79] - WARNING:已经等待: 67 次，curr_time: 202511211014
W1121 10:14:12.832262 140131362084672 upload.py:79] 已经等待: 67 次，curr_time: 202511211014
I1121 10:16:12.975043 140131362084672 api.py:240] Exception: {'status': 404, 'x-oss-request-id': '691FCB6C8247A23235822C9B', 'details': {'Code': 'NoSuchKey', 'Message': 'The specified key does not exist.', 'RequestId': '691FCB6C8247A23235822C9B', 'HostId': 'adx-oss.oss-cn-beijing.aliyuncs.com', 'Key': 'deep_model/offline/O35/20251120/_FEATURE_SUCCESS', 'EC': '0026-00000001', 'RecommendDoc': 'https://api.aliyun.com/troubleshoot?q=0026-00000001'}}
2025-11-21 10:16:12,975 - [feat_file_exists-->line:78] - WARNING:offline_feat_path: deep_model/offline/O35/20251120/_FEATURE_SUCCESS is not exist, sleep 2m ...
W1121 10:16:12.975238 140131362084672 upload.py:78] offline_feat_path: deep_model/offline/O35/20251120/_FEATURE_SUCCESS is not exist, sleep 2m ...
2025-11-21 10:16:12,975 - [feat_file_exists-->line:79] - WARNING:已经等待: 68 次，curr_time: 202511211016
W1121 10:16:12.975313 140131362084672 upload.py:79] 已经等待: 68 次，curr_time: 202511211016
I1121 10:18:13.115231 140131362084672 api.py:240] Exception: {'status': 404, 'x-oss-request-id': '691FCBE5B43FDF37338C2421', 'details': {'Code': 'NoSuchKey', 'Message': 'The specified key does not exist.', 'RequestId': '691FCBE5B43FDF37338C2421', 'HostId': 'adx-oss.oss-cn-beijing.aliyuncs.com', 'Key': 'deep_model/offline/O35/20251120/_FEATURE_SUCCESS', 'EC': '0026-00000001', 'RecommendDoc': 'https://api.aliyun.com/troubleshoot?q=0026-00000001'}}
2025-11-21 10:18:13,115 - [feat_file_exists-->line:78] - WARNING:offline_feat_path: deep_model/offline/O35/20251120/_FEATURE_SUCCESS is not exist, sleep 2m ...
W1121 10:18:13.115434 140131362084672 upload.py:78] offline_feat_path: deep_model/offline/O35/20251120/_FEATURE_SUCCESS is not exist, sleep 2m ...
2025-11-21 10:18:13,115 - [feat_file_exists-->line:79] - WARNING:已经等待: 69 次，curr_time: 202511211018
W1121 10:18:13.115511 140131362084672 upload.py:79] 已经等待: 69 次，curr_time: 202511211018
I1121 10:20:13.260415 140131362084672 api.py:240] Exception: {'status': 404, 'x-oss-request-id': '691FCC5D46706D30306D58AC', 'details': {'Code': 'NoSuchKey', 'Message': 'The specified key does not exist.', 'RequestId': '691FCC5D46706D30306D58AC', 'HostId': 'adx-oss.oss-cn-beijing.aliyuncs.com', 'Key': 'deep_model/offline/O35/20251120/_FEATURE_SUCCESS', 'EC': '0026-00000001', 'RecommendDoc': 'https://api.aliyun.com/troubleshoot?q=0026-00000001'}}
2025-11-21 10:20:13,260 - [feat_file_exists-->line:78] - WARNING:offline_feat_path: deep_model/offline/O35/20251120/_FEATURE_SUCCESS is not exist, sleep 2m ...
W1121 10:20:13.260623 140131362084672 upload.py:78] offline_feat_path: deep_model/offline/O35/20251120/_FEATURE_SUCCESS is not exist, sleep 2m ...
2025-11-21 10:20:13,260 - [feat_file_exists-->line:79] - WARNING:已经等待: 70 次，curr_time: 202511211020
W1121 10:20:13.260696 140131362084672 upload.py:79] 已经等待: 70 次，curr_time: 202511211020
I1121 10:22:13.380632 140131362084672 api.py:240] Exception: {'status': 404, 'x-oss-request-id': '691FCCD5C85A9B3832A8BD85', 'details': {'Code': 'NoSuchKey', 'Message': 'The specified key does not exist.', 'RequestId': '691FCCD5C85A9B3832A8BD85', 'HostId': 'adx-oss.oss-cn-beijing.aliyuncs.com', 'Key': 'deep_model/offline/O35/20251120/_FEATURE_SUCCESS', 'EC': '0026-00000001', 'RecommendDoc': 'https://api.aliyun.com/troubleshoot?q=0026-00000001'}}
2025-11-21 10:22:13,380 - [feat_file_exists-->line:78] - WARNING:offline_feat_path: deep_model/offline/O35/20251120/_FEATURE_SUCCESS is not exist, sleep 2m ...
W1121 10:22:13.380820 140131362084672 upload.py:78] offline_feat_path: deep_model/offline/O35/20251120/_FEATURE_SUCCESS is not exist, sleep 2m ...
2025-11-21 10:22:13,380 - [feat_file_exists-->line:79] - WARNING:已经等待: 71 次，curr_time: 202511211022
W1121 10:22:13.380898 140131362084672 upload.py:79] 已经等待: 71 次，curr_time: 202511211022
I1121 10:24:13.518898 140131362084672 api.py:240] Exception: {'status': 404, 'x-oss-request-id': '691FCD4D0A4085363657AD9C', 'details': {'Code': 'NoSuchKey', 'Message': 'The specified key does not exist.', 'RequestId': '691FCD4D0A4085363657AD9C', 'HostId': 'adx-oss.oss-cn-beijing.aliyuncs.com', 'Key': 'deep_model/offline/O35/20251120/_FEATURE_SUCCESS', 'EC': '0026-00000001', 'RecommendDoc': 'https://api.aliyun.com/troubleshoot?q=0026-00000001'}}
2025-11-21 10:24:13,519 - [feat_file_exists-->line:78] - WARNING:offline_feat_path: deep_model/offline/O35/20251120/_FEATURE_SUCCESS is not exist, sleep 2m ...
W1121 10:24:13.519060 140131362084672 upload.py:78] offline_feat_path: deep_model/offline/O35/20251120/_FEATURE_SUCCESS is not exist, sleep 2m ...
2025-11-21 10:24:13,519 - [feat_file_exists-->line:79] - WARNING:已经等待: 72 次，curr_time: 202511211024
W1121 10:24:13.519115 140131362084672 upload.py:79] 已经等待: 72 次，curr_time: 202511211024
I1121 10:26:13.664931 140131362084672 api.py:240] Exception: {'status': 404, 'x-oss-request-id': '691FCDC543274C3030F1887D', 'details': {'Code': 'NoSuchKey', 'Message': 'The specified key does not exist.', 'RequestId': '691FCDC543274C3030F1887D', 'HostId': 'adx-oss.oss-cn-beijing.aliyuncs.com', 'Key': 'deep_model/offline/O35/20251120/_FEATURE_SUCCESS', 'EC': '0026-00000001', 'RecommendDoc': 'https://api.aliyun.com/troubleshoot?q=0026-00000001'}}
2025-11-21 10:26:13,665 - [feat_file_exists-->line:78] - WARNING:offline_feat_path: deep_model/offline/O35/20251120/_FEATURE_SUCCESS is not exist, sleep 2m ...
W1121 10:26:13.665088 140131362084672 upload.py:78] offline_feat_path: deep_model/offline/O35/20251120/_FEATURE_SUCCESS is not exist, sleep 2m ...
2025-11-21 10:26:13,665 - [feat_file_exists-->line:79] - WARNING:已经等待: 73 次，curr_time: 202511211026
W1121 10:26:13.665143 140131362084672 upload.py:79] 已经等待: 73 次，curr_time: 202511211026
I1121 10:28:13.830845 140131362084672 api.py:240] Exception: {'status': 404, 'x-oss-request-id': '691FCE3D508495303882A644', 'details': {'Code': 'NoSuchKey', 'Message': 'The specified key does not exist.', 'RequestId': '691FCE3D508495303882A644', 'HostId': 'adx-oss.oss-cn-beijing.aliyuncs.com', 'Key': 'deep_model/offline/O35/20251120/_FEATURE_SUCCESS', 'EC': '0026-00000001', 'RecommendDoc': 'https://api.aliyun.com/troubleshoot?q=0026-00000001'}}
2025-11-21 10:28:13,831 - [feat_file_exists-->line:78] - WARNING:offline_feat_path: deep_model/offline/O35/20251120/_FEATURE_SUCCESS is not exist, sleep 2m ...
W1121 10:28:13.831047 140131362084672 upload.py:78] offline_feat_path: deep_model/offline/O35/20251120/_FEATURE_SUCCESS is not exist, sleep 2m ...
2025-11-21 10:28:13,831 - [feat_file_exists-->line:79] - WARNING:已经等待: 74 次，curr_time: 202511211028
W1121 10:28:13.831128 140131362084672 upload.py:79] 已经等待: 74 次，curr_time: 202511211028
I1121 10:30:13.974555 140131362084672 api.py:240] Exception: {'status': 404, 'x-oss-request-id': '691FCEB525722F3035D7E92E', 'details': {'Code': 'NoSuchKey', 'Message': 'The specified key does not exist.', 'RequestId': '691FCEB525722F3035D7E92E', 'HostId': 'adx-oss.oss-cn-beijing.aliyuncs.com', 'Key': 'deep_model/offline/O35/20251120/_FEATURE_SUCCESS', 'EC': '0026-00000001', 'RecommendDoc': 'https://api.aliyun.com/troubleshoot?q=0026-00000001'}}
2025-11-21 10:30:13,974 - [feat_file_exists-->line:78] - WARNING:offline_feat_path: deep_model/offline/O35/20251120/_FEATURE_SUCCESS is not exist, sleep 2m ...
W1121 10:30:13.974714 140131362084672 upload.py:78] offline_feat_path: deep_model/offline/O35/20251120/_FEATURE_SUCCESS is not exist, sleep 2m ...
2025-11-21 10:30:13,974 - [feat_file_exists-->line:79] - WARNING:已经等待: 75 次，curr_time: 202511211030
W1121 10:30:13.974769 140131362084672 upload.py:79] 已经等待: 75 次，curr_time: 202511211030
I1121 10:32:14.048892 140131362084672 api.py:240] Exception: {'status': 404, 'x-oss-request-id': '691FCF2EC98FE038329A5C61', 'details': {'Code': 'NoSuchKey', 'Message': 'The specified key does not exist.', 'RequestId': '691FCF2EC98FE038329A5C61', 'HostId': 'adx-oss.oss-cn-beijing.aliyuncs.com', 'Key': 'deep_model/offline/O35/20251120/_FEATURE_SUCCESS', 'EC': '0026-00000001', 'RecommendDoc': 'https://api.aliyun.com/troubleshoot?q=0026-00000001'}}
2025-11-21 10:32:14,049 - [feat_file_exists-->line:78] - WARNING:offline_feat_path: deep_model/offline/O35/20251120/_FEATURE_SUCCESS is not exist, sleep 2m ...
W1121 10:32:14.049041 140131362084672 upload.py:78] offline_feat_path: deep_model/offline/O35/20251120/_FEATURE_SUCCESS is not exist, sleep 2m ...
2025-11-21 10:32:14,049 - [feat_file_exists-->line:79] - WARNING:已经等待: 76 次，curr_time: 202511211032
W1121 10:32:14.049095 140131362084672 upload.py:79] 已经等待: 76 次，curr_time: 202511211032
2025-11-21 10:34:14,191 - [feat_file_exists-->line:82] - INFO:offline_feat_path: deep_model/offline/O35/20251120/_FEATURE_SUCCESS is exist.. model train success...
I1121 10:34:14.191065 140131362084672 upload.py:82] offline_feat_path: deep_model/offline/O35/20251120/_FEATURE_SUCCESS is exist.. model train success...
I1121 10:34:14.254137 140131362084672 api.py:240] Exception: {'status': 404, 'x-oss-request-id': '691FCFA6C8F7FF3530D44937', 'details': {'Code': 'NoSuchKey', 'Message': 'The specified key does not exist.', 'RequestId': '691FCFA6C8F7FF3530D44937', 'HostId': 'dnnmodel.oss-cn-beijing-internal.aliyuncs.com', 'Key': 'O35_model/O35_mutil_cvr_v10/1763691680/saved_model.pb', 'EC': '0026-00000001', 'RecommendDoc': 'https://api.aliyun.com/troubleshoot?q=0026-00000001'}}
2025-11-21 10:34:14,254 - [upload_folder-->line:49] - INFO:put file:1763691680/saved_model.pb to oss target_path:O35_model/O35_mutil_cvr_v10/1763691680/saved_model.pb
I1121 10:34:14.254325 140131362084672 upload.py:49] put file:1763691680/saved_model.pb to oss target_path:O35_model/O35_mutil_cvr_v10/1763691680/saved_model.pb
2025-11-21 10:34:14,303 - [upload_folder-->line:49] - INFO:put file:1763691680/assets.extra/tf_serving_warmup_requests to oss target_path:O35_model/O35_mutil_cvr_v10/1763691680/assets.extra/tf_serving_warmup_requests
I1121 10:34:14.303503 140131362084672 upload.py:49] put file:1763691680/assets.extra/tf_serving_warmup_requests to oss target_path:O35_model/O35_mutil_cvr_v10/1763691680/assets.extra/tf_serving_warmup_requests
2025-11-21 10:34:14,389 - [upload_folder-->line:49] - INFO:put file:1763691680/variables/variables.index to oss target_path:O35_model/O35_mutil_cvr_v10/1763691680/variables/variables.index
I1121 10:34:14.389424 140131362084672 upload.py:49] put file:1763691680/variables/variables.index to oss target_path:O35_model/O35_mutil_cvr_v10/1763691680/variables/variables.index
2025-11-21 10:34:14,400 - [upload_folder-->line:49] - INFO:put file:1763691680/variables/variables.data-00001-of-00002 to oss target_path:O35_model/O35_mutil_cvr_v10/1763691680/variables/variables.data-00001-of-00002
I1121 10:34:14.400785 140131362084672 upload.py:49] put file:1763691680/variables/variables.data-00001-of-00002 to oss target_path:O35_model/O35_mutil_cvr_v10/1763691680/variables/variables.data-00001-of-00002
2025-11-21 10:34:14,469 - [upload_folder-->line:49] - INFO:put file:1763691680/variables/variables.data-00000-of-00002 to oss target_path:O35_model/O35_mutil_cvr_v10/1763691680/variables/variables.data-00000-of-00002
I1121 10:34:14.469147 140131362084672 upload.py:49] put file:1763691680/variables/variables.data-00000-of-00002 to oss target_path:O35_model/O35_mutil_cvr_v10/1763691680/variables/variables.data-00000-of-00002
files: [1762765103, 1762841767, 1762925502, 1763006534, 1763089185, 1763175233, 1763346032, 1763432182, 1763518248, 1763604706, 1763691680], 1763691680 True
upload_folder: 1763691680
file_path: 1763691680/saved_model.pb
file_path: 1763691680/assets.extra/tf_serving_warmup_requests
file_path: 1763691680/variables/variables.index
file_path: 1763691680/variables/variables.data-00001-of-00002
file_path: 1763691680/variables/variables.data-00000-of-00002
