code_dir=/opt/huangmian/yoyo_model
TRAIN_CONFIG=config/O35_mutil_cvr_v10_mmoe_senet/train_config.py
curr_export_timestamp=/data/share/opt/model/O35_mutil_cvr_v10_mmoe_senet/export_dir/1763623195
export_timestamp=/data/share/opt/model/O35_mutil_cvr_v10_mmoe_senet/export_dir/1763623195
export_timestamp=/data/share/opt/model/O35_mutil_cvr_v10_mmoe_senet/export_dir/1763623552
---------------------------------upload-------------------------------------
2025-11-20 15:27:03.116702: I tensorflow/stream_executor/cuda/cuda_gpu_executor.cc:936] successful NUMA node read from SysFS had negative value (-1), but there must be at least one NUMA node, so returning NUMA node zero
2025-11-20 15:27:03.116841: I tensorflow/stream_executor/cuda/cuda_gpu_executor.cc:936] successful NUMA node read from SysFS had negative value (-1), but there must be at least one NUMA node, so returning NUMA node zero
2025-11-20 15:27:03.122344: I tensorflow/stream_executor/cuda/cuda_gpu_executor.cc:936] successful NUMA node read from SysFS had negative value (-1), but there must be at least one NUMA node, so returning NUMA node zero
2025-11-20 15:27:03.122471: I tensorflow/stream_executor/cuda/cuda_gpu_executor.cc:936] successful NUMA node read from SysFS had negative value (-1), but there must be at least one NUMA node, so returning NUMA node zero
2025-11-20 15:27:03.122549: I tensorflow/stream_executor/cuda/cuda_gpu_executor.cc:936] successful NUMA node read from SysFS had negative value (-1), but there must be at least one NUMA node, so returning NUMA node zero
2025-11-20 15:27:03.122621: I tensorflow/stream_executor/cuda/cuda_gpu_executor.cc:936] successful NUMA node read from SysFS had negative value (-1), but there must be at least one NUMA node, so returning NUMA node zero
2025-11-20 15:27:03,122 - [feat_file_exists-->line:71] - INFO:offline_feat_path: deep_model/offline/O35/20251119/_FEATURE_SUCCESS
I1120 15:27:03.122920 140583079630656 upload.py:71] offline_feat_path: deep_model/offline/O35/20251119/_FEATURE_SUCCESS
2025-11-20 15:27:03,169 - [feat_file_exists-->line:82] - INFO:offline_feat_path: deep_model/offline/O35/20251119/_FEATURE_SUCCESS is exist.. model train success...
I1120 15:27:03.169677 140583079630656 upload.py:82] offline_feat_path: deep_model/offline/O35/20251119/_FEATURE_SUCCESS is exist.. model train success...
I1120 15:27:03.255527 140583079630656 api.py:240] Exception: {'status': 404, 'x-oss-request-id': '691EC2C78487923133A06D13', 'details': {'Code': 'NoSuchKey', 'Message': 'The specified key does not exist.', 'RequestId': '691EC2C78487923133A06D13', 'HostId': 'dnnmodel.oss-cn-beijing-internal.aliyuncs.com', 'Key': 'O35_model_v2/O35_mutil_cvr_v10_mmoe_senet/1763623552/saved_model.pb', 'EC': '0026-00000001', 'RecommendDoc': 'https://api.aliyun.com/troubleshoot?q=0026-00000001'}}
2025-11-20 15:27:03,255 - [upload_folder-->line:49] - INFO:put file:1763623552/saved_model.pb to oss target_path:O35_model_v2/O35_mutil_cvr_v10_mmoe_senet/1763623552/saved_model.pb
I1120 15:27:03.255780 140583079630656 upload.py:49] put file:1763623552/saved_model.pb to oss target_path:O35_model_v2/O35_mutil_cvr_v10_mmoe_senet/1763623552/saved_model.pb
2025-11-20 15:27:03,309 - [upload_folder-->line:49] - INFO:put file:1763623552/assets.extra/tf_serving_warmup_requests to oss target_path:O35_model_v2/O35_mutil_cvr_v10_mmoe_senet/1763623552/assets.extra/tf_serving_warmup_requests
I1120 15:27:03.309088 140583079630656 upload.py:49] put file:1763623552/assets.extra/tf_serving_warmup_requests to oss target_path:O35_model_v2/O35_mutil_cvr_v10_mmoe_senet/1763623552/assets.extra/tf_serving_warmup_requests
2025-11-20 15:27:03,419 - [upload_folder-->line:49] - INFO:put file:1763623552/variables/variables.index to oss target_path:O35_model_v2/O35_mutil_cvr_v10_mmoe_senet/1763623552/variables/variables.index
I1120 15:27:03.419484 140583079630656 upload.py:49] put file:1763623552/variables/variables.index to oss target_path:O35_model_v2/O35_mutil_cvr_v10_mmoe_senet/1763623552/variables/variables.index
2025-11-20 15:27:03,443 - [upload_folder-->line:49] - INFO:put file:1763623552/variables/variables.data-00001-of-00002 to oss target_path:O35_model_v2/O35_mutil_cvr_v10_mmoe_senet/1763623552/variables/variables.data-00001-of-00002
I1120 15:27:03.443479 140583079630656 upload.py:49] put file:1763623552/variables/variables.data-00001-of-00002 to oss target_path:O35_model_v2/O35_mutil_cvr_v10_mmoe_senet/1763623552/variables/variables.data-00001-of-00002
2025-11-20 15:27:03,613 - [upload_folder-->line:49] - INFO:put file:1763623552/variables/variables.data-00000-of-00002 to oss target_path:O35_model_v2/O35_mutil_cvr_v10_mmoe_senet/1763623552/variables/variables.data-00000-of-00002
I1120 15:27:03.613482 140583079630656 upload.py:49] put file:1763623552/variables/variables.data-00000-of-00002 to oss target_path:O35_model_v2/O35_mutil_cvr_v10_mmoe_senet/1763623552/variables/variables.data-00000-of-00002
files: [1763552958, 1763553175, 1763553610, 1763554105, 1763554575, 1763555049, 1763555486, 1763555884, 1763556238, 1763556734, 1763558089, 1763558781, 1763559092, 1763559385, 1763559577, 1763559780, 1763559988, 1763560304, 1763560585, 1763560866, 1763561170, 1763561664, 1763562408, 1763563095, 1763563590, 1763564219, 1763564598, 1763564928, 1763565253, 1763565599, 1763565828, 1763566140, 1763566423, 1763566707, 1763566994, 1763567276, 1763567589, 1763567868, 1763568199, 1763568554, 1763568851, 1763569122, 1763569373, 1763569545, 1763570024, 1763570573, 1763570927, 1763571345, 1763571837, 1763572292, 1763572907, 1763573434, 1763573902, 1763574311, 1763574726, 1763575080, 1763575483, 1763575818, 1763576134, 1763576418, 1763576712, 1763577069, 1763577386, 1763577711, 1763578025, 1763578219, 1763578509, 1763578835, 1763579141, 1763579401, 1763579592, 1763579859, 1763580092, 1763580233, 1763580327, 1763580387, 1763580487, 1763580593, 1763580710, 1763623195, 1763623552], 1763623552 True
upload_folder: 1763623552
file_path: 1763623552/saved_model.pb
file_path: 1763623552/assets.extra/tf_serving_warmup_requests
file_path: 1763623552/variables/variables.index
file_path: 1763623552/variables/variables.data-00001-of-00002
file_path: 1763623552/variables/variables.data-00000-of-00002
